2023-10-25 12:15:13.551 [info] Log level: Info
2023-10-25 12:15:13.551 [info] Validating found git in: "git"
2023-10-25 12:15:13.551 [info] Using git "2.34.1" from "git"
2023-10-25 12:15:13.556 [info] > git rev-parse --show-toplevel [6ms]
2023-10-25 12:15:13.556 [info] fatal: not a git repository (or any of the parent directories): .git
2023-10-25 12:15:13.572 [info] > git rev-parse --show-toplevel [14ms]
2023-10-25 12:15:13.572 [info] fatal: not a git repository (or any of the parent directories): .git
2023-10-25 12:15:13.576 [info] > git rev-parse --show-toplevel [2ms]
2023-10-25 12:15:13.576 [info] fatal: not a git repository (or any of the parent directories): .git
2023-10-25 12:15:13.581 [info] > git rev-parse --show-toplevel [2ms]
2023-10-25 12:15:13.581 [info] fatal: not a git repository (or any of the parent directories): .git
2023-10-25 12:15:13.585 [info] > git rev-parse --show-toplevel [2ms]
2023-10-25 12:15:13.585 [info] fatal: not a git repository (or any of the parent directories): .git
2023-10-25 12:16:36.521 [info] > git rev-parse --show-toplevel [2ms]
2023-10-25 12:16:36.521 [info] fatal: not a git repository (or any of the parent directories): .git
2023-10-25 12:16:36.526 [info] > git rev-parse --show-toplevel [2ms]
2023-10-25 12:16:36.526 [info] fatal: not a git repository (or any of the parent directories): .git
2023-10-25 12:16:36.535 [info] > git rev-parse --show-toplevel [1ms]
2023-10-25 12:16:36.535 [info] fatal: not a git repository (or any of the parent directories): .git
2023-10-25 12:16:36.546 [info] > git rev-parse --show-toplevel [2ms]
2023-10-25 12:16:36.546 [info] fatal: not a git repository (or any of the parent directories): .git
2023-10-25 12:16:36.552 [info] > git rev-parse --show-toplevel [1ms]
2023-10-25 12:16:36.553 [info] fatal: not a git repository (or any of the parent directories): .git
2023-10-25 12:16:36.560 [info] > git rev-parse --show-toplevel [2ms]
2023-10-25 12:16:36.561 [info] fatal: not a git repository (or any of the parent directories): .git
2023-10-25 12:16:42.837 [info] > git rev-parse --show-toplevel [1ms]
2023-10-25 12:16:42.837 [info] fatal: not a git repository (or any of the parent directories): .git
2023-10-25 12:17:28.409 [info] > git rev-parse --show-toplevel [1ms]
2023-10-25 12:17:28.409 [info] fatal: not a git repository (or any of the parent directories): .git
2023-10-25 12:17:28.933 [info] > git rev-parse --show-toplevel [1ms]
2023-10-25 12:17:28.933 [info] fatal: not a git repository (or any of the parent directories): .git
2023-10-25 12:17:31.137 [info] > git rev-parse --show-toplevel [1ms]
2023-10-25 12:17:31.138 [info] fatal: not a git repository (or any of the parent directories): .git
2023-10-25 12:17:35.721 [info] > git rev-parse --show-toplevel [1ms]
2023-10-25 12:17:35.721 [info] fatal: not a git repository (or any of the parent directories): .git
2023-10-25 12:17:37.261 [info] > git rev-parse --show-toplevel [0ms]
2023-10-25 12:17:37.262 [info] fatal: not a git repository (or any of the parent directories): .git
2023-10-25 12:17:43.957 [info] > git rev-parse --show-toplevel [2ms]
2023-10-25 12:17:43.957 [info] fatal: not a git repository (or any of the parent directories): .git
2023-10-25 12:17:59.053 [info] > git rev-parse --show-toplevel [1ms]
2023-10-25 12:17:59.053 [info] fatal: not a git repository (or any of the parent directories): .git
2023-10-25 12:18:08.664 [info] > git rev-parse --show-toplevel [0ms]
2023-10-25 12:18:08.664 [info] fatal: not a git repository (or any of the parent directories): .git
2023-10-25 12:18:43.119 [info] > git rev-parse --show-toplevel [6ms]
2023-10-25 12:18:43.119 [info] fatal: not a git repository (or any of the parent directories): .git
2023-10-25 12:18:47.683 [info] > git rev-parse --show-toplevel [0ms]
2023-10-25 12:18:47.683 [info] fatal: not a git repository (or any of the parent directories): .git
2023-10-25 12:18:49.931 [info] > git rev-parse --show-toplevel [2ms]
2023-10-25 12:18:49.931 [info] fatal: not a git repository (or any of the parent directories): .git
2023-10-25 12:20:50.271 [info] > git rev-parse --show-toplevel [25ms]
2023-10-25 12:20:50.271 [info] fatal: not a git repository (or any of the parent directories): .git
2023-10-25 12:20:52.208 [info] > git rev-parse --show-toplevel [1ms]
2023-10-25 12:20:52.208 [info] fatal: not a git repository (or any of the parent directories): .git
2023-10-25 12:20:56.252 [info] > git rev-parse --show-toplevel [9ms]
2023-10-25 12:20:56.252 [info] fatal: not a git repository (or any of the parent directories): .git
2023-10-25 12:20:57.381 [info] > git rev-parse --show-toplevel [2ms]
2023-10-25 12:20:57.381 [info] fatal: not a git repository (or any of the parent directories): .git
2023-10-25 12:20:58.910 [info] > git rev-parse --show-toplevel [1ms]
2023-10-25 12:20:58.910 [info] fatal: not a git repository (or any of the parent directories): .git
2023-10-25 12:21:01.136 [info] > git rev-parse --show-toplevel [3ms]
2023-10-25 12:21:01.136 [info] fatal: not a git repository (or any of the parent directories): .git
2023-10-25 12:21:02.013 [info] > git rev-parse --show-toplevel [2ms]
2023-10-25 12:21:02.013 [info] fatal: not a git repository (or any of the parent directories): .git
2023-10-25 12:22:01.693 [info] > git rev-parse --show-toplevel [3ms]
2023-10-25 12:22:01.693 [info] fatal: not a git repository (or any of the parent directories): .git
2023-10-25 12:22:47.260 [info] > git rev-parse --show-toplevel [5ms]
2023-10-25 12:22:47.260 [info] fatal: not a git repository (or any of the parent directories): .git
2023-10-25 12:22:48.362 [info] > git rev-parse --show-toplevel [1ms]
2023-10-25 12:22:48.362 [info] fatal: not a git repository (or any of the parent directories): .git
2023-10-25 12:22:52.156 [info] > git rev-parse --show-toplevel [1ms]
2023-10-25 12:22:52.156 [info] fatal: not a git repository (or any of the parent directories): .git
2023-10-25 12:22:54.494 [info] > git rev-parse --show-toplevel [2ms]
2023-10-25 12:22:54.494 [info] fatal: not a git repository (or any of the parent directories): .git
2023-10-25 12:23:14.768 [info] > git rev-parse --show-toplevel [1ms]
2023-10-25 12:23:14.768 [info] fatal: not a git repository (or any of the parent directories): .git
2023-10-25 12:23:18.279 [info] > git rev-parse --show-toplevel [4ms]
2023-10-25 12:23:18.279 [info] fatal: not a git repository (or any of the parent directories): .git
2023-10-25 12:23:29.139 [info] > git rev-parse --show-toplevel [2ms]
2023-10-25 12:23:29.139 [info] fatal: not a git repository (or any of the parent directories): .git
2023-10-25 12:24:12.559 [info] > git rev-parse --show-toplevel [1ms]
2023-10-25 12:24:12.559 [info] fatal: not a git repository (or any of the parent directories): .git
2023-10-25 12:25:10.406 [info] > git rev-parse --show-toplevel [1ms]
2023-10-25 12:25:10.406 [info] fatal: not a git repository (or any of the parent directories): .git
2023-10-25 12:27:08.514 [info] > git rev-parse --show-toplevel [6ms]
2023-10-25 12:27:08.514 [info] fatal: not a git repository (or any of the parent directories): .git
2023-10-25 12:27:16.786 [info] > git rev-parse --show-toplevel [1ms]
2023-10-25 12:27:16.786 [info] fatal: not a git repository (or any of the parent directories): .git
2023-10-25 12:27:18.671 [info] > git rev-parse --show-toplevel [1ms]
2023-10-25 12:27:18.671 [info] fatal: not a git repository (or any of the parent directories): .git
2023-10-25 12:27:24.639 [info] > git rev-parse --show-toplevel [1ms]
2023-10-25 12:27:24.639 [info] fatal: not a git repository (or any of the parent directories): .git
2023-10-25 12:28:06.456 [info] > git rev-parse --show-toplevel [2ms]
2023-10-25 12:28:06.456 [info] fatal: not a git repository (or any of the parent directories): .git
2023-10-25 12:28:10.338 [info] > git rev-parse --show-toplevel [1ms]
2023-10-25 12:28:10.338 [info] fatal: not a git repository (or any of the parent directories): .git
2023-10-25 12:28:44.609 [info] > git rev-parse --show-toplevel [2ms]
2023-10-25 12:28:44.610 [info] fatal: not a git repository (or any of the parent directories): .git
2023-10-25 12:29:20.225 [info] > git rev-parse --show-toplevel [4ms]
2023-10-25 12:29:20.225 [info] fatal: not a git repository (or any of the parent directories): .git
2023-10-25 12:30:20.046 [info] > git rev-parse --show-toplevel [11ms]
2023-10-25 12:30:20.047 [info] fatal: not a git repository (or any of the parent directories): .git
2023-10-25 12:30:23.062 [info] > git rev-parse --show-toplevel [1ms]
2023-10-25 12:30:23.062 [info] fatal: not a git repository (or any of the parent directories): .git
2023-10-25 12:30:25.426 [info] > git rev-parse --show-toplevel [4ms]
2023-10-25 12:30:25.426 [info] fatal: not a git repository (or any of the parent directories): .git
2023-10-25 12:30:30.312 [info] > git rev-parse --show-toplevel [2ms]
2023-10-25 12:30:30.312 [info] fatal: not a git repository (or any of the parent directories): .git
2023-10-25 12:30:31.919 [info] > git rev-parse --show-toplevel [1ms]
2023-10-25 12:30:31.920 [info] fatal: not a git repository (or any of the parent directories): .git
2023-10-25 12:30:32.877 [info] > git rev-parse --show-toplevel [1ms]
2023-10-25 12:30:32.877 [info] fatal: not a git repository (or any of the parent directories): .git
2023-10-25 12:30:45.830 [info] > git rev-parse --show-toplevel [1ms]
2023-10-25 12:30:45.830 [info] fatal: not a git repository (or any of the parent directories): .git
2023-10-25 12:31:13.284 [info] > git rev-parse --show-toplevel [1ms]
2023-10-25 12:31:13.284 [info] fatal: not a git repository (or any of the parent directories): .git
2023-10-25 12:32:06.082 [info] > git rev-parse --show-toplevel [4ms]
2023-10-25 12:32:06.082 [info] fatal: not a git repository (or any of the parent directories): .git
2023-10-25 12:32:08.502 [info] > git rev-parse --show-toplevel [1ms]
2023-10-25 12:32:08.503 [info] fatal: not a git repository (or any of the parent directories): .git
2023-10-25 12:32:11.962 [info] > git rev-parse --show-toplevel [6ms]
2023-10-25 12:32:11.962 [info] fatal: not a git repository (or any of the parent directories): .git
2023-10-25 12:32:13.656 [info] > git rev-parse --show-toplevel [5ms]
2023-10-25 12:32:13.657 [info] fatal: not a git repository (or any of the parent directories): .git
2023-10-25 12:32:56.625 [info] > git rev-parse --show-toplevel [1ms]
2023-10-25 12:32:56.625 [info] fatal: not a git repository (or any of the parent directories): .git
2023-10-25 12:34:09.304 [info] > git rev-parse --show-toplevel [1ms]
2023-10-25 12:34:09.304 [info] fatal: not a git repository (or any of the parent directories): .git
2023-10-25 12:36:07.664 [info] > git rev-parse --show-toplevel [1ms]
2023-10-25 12:36:07.664 [info] fatal: not a git repository (or any of the parent directories): .git
2023-10-25 12:36:15.194 [info] > git rev-parse --show-toplevel [1ms]
2023-10-25 12:36:15.194 [info] fatal: not a git repository (or any of the parent directories): .git
2023-10-25 12:36:17.773 [info] > git rev-parse --show-toplevel [1ms]
2023-10-25 12:36:17.773 [info] fatal: not a git repository (or any of the parent directories): .git
2023-10-25 12:36:29.868 [info] > git rev-parse --show-toplevel [0ms]
2023-10-25 12:36:29.868 [info] fatal: not a git repository (or any of the parent directories): .git
2023-10-25 12:36:37.183 [info] > git rev-parse --show-toplevel [1ms]
2023-10-25 12:36:37.183 [info] fatal: not a git repository (or any of the parent directories): .git
2023-10-25 12:36:38.837 [info] > git rev-parse --show-toplevel [2ms]
2023-10-25 12:36:38.837 [info] fatal: not a git repository (or any of the parent directories): .git
2023-10-25 12:36:40.627 [info] > git rev-parse --show-toplevel [2ms]
2023-10-25 12:36:40.627 [info] fatal: not a git repository (or any of the parent directories): .git
2023-10-25 12:36:56.843 [info] > git rev-parse --show-toplevel [7ms]
2023-10-25 12:36:56.843 [info] fatal: not a git repository (or any of the parent directories): .git
2023-10-25 12:36:56.864 [info] > git rev-parse --show-toplevel [2ms]
2023-10-25 12:36:56.864 [info] fatal: not a git repository (or any of the parent directories): .git
2023-10-25 12:37:37.451 [info] > git rev-parse --show-toplevel [1ms]
2023-10-25 12:37:37.451 [info] fatal: not a git repository (or any of the parent directories): .git
2023-10-25 12:42:17.645 [info] > git rev-parse --show-toplevel [1ms]
2023-10-25 12:42:17.645 [info] fatal: not a git repository (or any of the parent directories): .git
2023-10-25 12:45:16.744 [info] > git rev-parse --show-toplevel [1ms]
2023-10-25 12:45:16.744 [info] fatal: not a git repository (or any of the parent directories): .git
2023-10-25 12:45:19.770 [info] > git rev-parse --show-toplevel [1ms]
2023-10-25 12:45:19.771 [info] fatal: not a git repository (or any of the parent directories): .git
2023-10-25 12:45:33.994 [info] > git rev-parse --show-toplevel [0ms]
2023-10-25 12:45:33.995 [info] fatal: not a git repository (or any of the parent directories): .git
2023-10-25 12:45:36.557 [info] > git rev-parse --show-toplevel [1ms]
2023-10-25 12:45:36.557 [info] fatal: not a git repository (or any of the parent directories): .git
2023-10-25 12:46:11.944 [info] > git rev-parse --show-toplevel [2ms]
2023-10-25 12:46:11.944 [info] fatal: not a git repository (or any of the parent directories): .git
2023-10-25 12:46:17.298 [info] > git rev-parse --show-toplevel [1ms]
2023-10-25 12:46:17.298 [info] fatal: not a git repository (or any of the parent directories): .git
2023-10-25 12:46:59.574 [info] > git rev-parse --show-toplevel [1ms]
2023-10-25 12:46:59.574 [info] fatal: not a git repository (or any of the parent directories): .git
2023-10-25 12:47:01.611 [info] > git rev-parse --show-toplevel [1ms]
2023-10-25 12:47:01.611 [info] fatal: not a git repository (or any of the parent directories): .git
2023-10-25 12:47:02.908 [info] > git rev-parse --show-toplevel [1ms]
2023-10-25 12:47:02.908 [info] fatal: not a git repository (or any of the parent directories): .git
2023-10-25 12:47:04.235 [info] > git rev-parse --show-toplevel [1ms]
2023-10-25 12:47:04.235 [info] fatal: not a git repository (or any of the parent directories): .git
2023-10-25 12:47:05.519 [info] > git rev-parse --show-toplevel [2ms]
2023-10-25 12:47:05.519 [info] fatal: not a git repository (or any of the parent directories): .git
2023-10-25 12:47:08.840 [info] > git rev-parse --show-toplevel [1ms]
2023-10-25 12:47:08.840 [info] fatal: not a git repository (or any of the parent directories): .git
2023-10-25 12:48:50.112 [info] > git rev-parse --show-toplevel [1ms]
2023-10-25 12:48:50.112 [info] fatal: not a git repository (or any of the parent directories): .git
2023-10-25 12:48:50.640 [info] > git rev-parse --show-toplevel [1ms]
2023-10-25 12:48:50.640 [info] fatal: not a git repository (or any of the parent directories): .git
2023-10-25 12:55:16.107 [info] > git rev-parse --show-toplevel [1ms]
2023-10-25 12:55:16.107 [info] fatal: not a git repository (or any of the parent directories): .git
2023-10-25 12:55:20.786 [info] > git rev-parse --show-toplevel [2ms]
2023-10-25 12:55:20.786 [info] fatal: not a git repository (or any of the parent directories): .git
2023-10-25 12:56:39.829 [info] > git rev-parse --show-toplevel [1ms]
2023-10-25 12:56:39.829 [info] fatal: not a git repository (or any of the parent directories): .git
