2023-10-25 13:02:49.120 [info] Extension host with pid 4697 started
2023-10-25 13:02:49.121 [error] Error: EEXIST: file already exists, open '/home/olivier/.vscode-server/data/User/workspaceStorage/afd94a91c77bc572768502459ab7d83a/vscode.lock'
2023-10-25 13:02:49.124 [info] Lock '/home/olivier/.vscode-server/data/User/workspaceStorage/afd94a91c77bc572768502459ab7d83a/vscode.lock': Could not acquire lock, checking if the file is stale.
2023-10-25 13:02:49.130 [info] Lock '/home/olivier/.vscode-server/data/User/workspaceStorage/afd94a91c77bc572768502459ab7d83a/vscode.lock': The pid 1824 appears to be gone.
2023-10-25 13:02:49.130 [info] Lock '/home/olivier/.vscode-server/data/User/workspaceStorage/afd94a91c77bc572768502459ab7d83a/vscode.lock': Deleting a stale lock.
2023-10-25 13:02:49.133 [info] Lock '/home/olivier/.vscode-server/data/User/workspaceStorage/afd94a91c77bc572768502459ab7d83a/vscode.lock': Lock acquired.
2023-10-25 13:02:49.144 [info] ExtensionService#_doActivateExtension vscode.emmet, startup: false, activationEvent: 'onLanguage'
2023-10-25 13:02:49.144 [info] ExtensionService#_doActivateExtension ms-azuretools.vscode-docker, startup: false, activationEvent: 'onLanguage:dockerfile'
2023-10-25 13:02:49.746 [info] ExtensionService#_doActivateExtension vscode.git-base, startup: true, activationEvent: '*', root cause: vscode.git
2023-10-25 13:02:49.975 [info] ExtensionService#_doActivateExtension vscode.git, startup: true, activationEvent: '*'
2023-10-25 13:02:49.975 [info] ExtensionService#_doActivateExtension vscode.github, startup: true, activationEvent: '*'
2023-10-25 13:02:50.189 [info] Eager extensions activated
2023-10-25 13:02:50.189 [info] ExtensionService#_doActivateExtension vscode.debug-auto-launch, startup: false, activationEvent: 'onStartupFinished'
2023-10-25 13:02:50.190 [info] ExtensionService#_doActivateExtension vscode.merge-conflict, startup: false, activationEvent: 'onStartupFinished'
2023-10-25 13:13:52.389 [error] Error: read ECONNRESET
	at TLSWrap.onStreamRead (node:internal/stream_base_commons:217:20)
2023-10-25 13:18:37.146 [info] ExtensionService#_doActivateExtension ms-python.python, startup: false, activationEvent: 'onLanguage:pip-requirements'
2023-10-25 13:18:37.370 [info] ExtensionService#_doActivateExtension ms-python.vscode-pylance, startup: false, activationEvent: 'api', root cause: ms-python.python
2023-10-25 13:30:22.662 [info] ExtensionService#_doActivateExtension vscode.tunnel-forwarding, startup: false, activationEvent: 'onTunnel'
2023-10-25 13:31:08.056 [info] ExtensionService#_doActivateExtension vscode.extension-editing, startup: false, activationEvent: 'onLanguage:json'
2023-10-25 13:31:08.056 [info] ExtensionService#_doActivateExtension vscode.json-language-features, startup: false, activationEvent: 'onLanguage:json'
2023-10-25 13:31:08.056 [info] ExtensionService#_doActivateExtension vscode.npm, startup: false, activationEvent: 'onLanguage:json'
2023-10-25 13:31:08.262 [info] ExtensionService#_doActivateExtension vscode.typescript-language-features, startup: false, activationEvent: 'onLanguage:jsonc'
