2023-10-26 13:11:19.136 [info] Log level: Info
2023-10-26 13:11:19.136 [info] Validating found git in: "git"
2023-10-26 13:11:19.136 [info] Using git "2.34.1" from "git"
2023-10-26 13:11:19.136 [info] > git rev-parse --show-toplevel [331ms]
2023-10-26 13:11:19.136 [info] fatal: not a git repository (or any of the parent directories): .git
2023-10-26 13:11:19.136 [info] > git rev-parse --show-toplevel [3ms]
2023-10-26 13:11:19.136 [info] fatal: not a git repository (or any of the parent directories): .git
2023-10-26 13:11:19.136 [info] > git rev-parse --show-toplevel [24ms]
2023-10-26 13:11:19.137 [info] fatal: not a git repository (or any of the parent directories): .git
2023-10-26 13:11:19.147 [info] > git rev-parse --show-toplevel [11ms]
2023-10-26 13:11:19.147 [info] fatal: not a git repository (or any of the parent directories): .git
2023-10-26 13:11:19.454 [info] > git rev-parse --show-toplevel [304ms]
2023-10-26 13:11:19.454 [info] fatal: not a git repository (or any of the parent directories): .git
2023-10-26 13:11:19.459 [info] > git rev-parse --show-toplevel [1ms]
2023-10-26 13:11:19.459 [info] fatal: not a git repository (or any of the parent directories): .git
2023-10-26 13:11:19.464 [info] > git rev-parse --show-toplevel [2ms]
2023-10-26 13:11:19.464 [info] fatal: not a git repository (or any of the parent directories): .git
2023-10-26 13:25:33.639 [info] > git rev-parse --show-toplevel [1ms]
2023-10-26 13:25:33.642 [info] > git rev-parse --git-dir --git-common-dir [1ms]
2023-10-26 13:25:33.646 [info] Open repository: /home/olivier/scout-demo-service
2023-10-26 13:25:33.651 [info] > git config --get commit.template [1ms]
2023-10-26 13:25:33.655 [info] > git for-each-ref --format=%(refname)%00%(upstream:short)%00%(objectname)%00%(upstream:track)%00%(upstream:remotename)%00%(upstream:remoteref) refs/heads/main refs/remotes/main [2ms]
2023-10-26 13:25:33.661 [info] > git status -z -uall [3ms]
2023-10-26 13:25:33.676 [info] > git config --get commit.template [7ms]
2023-10-26 13:25:33.678 [info] > git for-each-ref --format=%(refname)%00%(upstream:short)%00%(objectname)%00%(upstream:track)%00%(upstream:remotename)%00%(upstream:remoteref) refs/heads/main refs/remotes/main [3ms]
2023-10-26 13:25:33.681 [info] > git status -z -uall [1ms]
2023-10-26 13:25:34.165 [info] > git check-ignore -v -z --stdin [1ms]
2023-10-26 14:01:55.798 [info] > git rev-parse --show-toplevel [5ms]
2023-10-26 14:01:55.798 [info] fatal: not a git repository (or any of the parent directories): .git
2023-10-26 14:01:55.802 [info] > git rev-parse --show-toplevel [1ms]
2023-10-26 14:01:55.802 [info] fatal: not a git repository (or any of the parent directories): .git
2023-10-26 14:01:55.809 [info] > git rev-parse --show-toplevel [2ms]
2023-10-26 14:01:55.809 [info] fatal: not a git repository (or any of the parent directories): .git
2023-10-26 14:02:02.803 [info] > git rev-parse --show-toplevel [1ms]
2023-10-26 14:02:02.803 [info] fatal: not a git repository (or any of the parent directories): .git
2023-10-26 14:02:02.806 [info] > git rev-parse --show-toplevel [1ms]
2023-10-26 14:02:02.806 [info] fatal: not a git repository (or any of the parent directories): .git
2023-10-26 14:02:16.505 [info] > git rev-parse --show-toplevel [2ms]
2023-10-26 14:02:16.505 [info] fatal: not a git repository (or any of the parent directories): .git
2023-10-26 14:02:16.524 [info] > git rev-parse --show-toplevel [6ms]
2023-10-26 14:02:16.524 [info] fatal: not a git repository (or any of the parent directories): .git
2023-10-26 14:02:16.560 [info] > git rev-parse --show-toplevel [15ms]
2023-10-26 14:02:16.560 [info] fatal: not a git repository (or any of the parent directories): .git
2023-10-26 14:02:34.543 [info] > git rev-parse --show-toplevel [1ms]
2023-10-26 14:02:34.543 [info] fatal: not a git repository (or any of the parent directories): .git
2023-10-26 14:02:34.547 [info] > git rev-parse --show-toplevel [0ms]
2023-10-26 14:02:34.547 [info] fatal: not a git repository (or any of the parent directories): .git
2023-10-26 14:02:34.550 [info] > git rev-parse --show-toplevel [1ms]
2023-10-26 14:02:34.550 [info] fatal: not a git repository (or any of the parent directories): .git
2023-10-26 14:02:42.774 [info] > git rev-parse --show-toplevel [1ms]
2023-10-26 14:02:42.774 [info] fatal: not a git repository (or any of the parent directories): .git
2023-10-26 14:02:42.780 [info] > git rev-parse --show-toplevel [1ms]
2023-10-26 14:02:42.780 [info] fatal: not a git repository (or any of the parent directories): .git
2023-10-26 14:02:42.796 [info] > git rev-parse --show-toplevel [10ms]
2023-10-26 14:02:42.796 [info] fatal: not a git repository (or any of the parent directories): .git
2023-10-26 14:03:08.009 [info] > git rev-parse --show-toplevel [1ms]
2023-10-26 14:03:08.009 [info] fatal: not a git repository (or any of the parent directories): .git
2023-10-26 14:03:23.928 [info] > git rev-parse --show-toplevel [0ms]
2023-10-26 14:03:23.928 [info] fatal: not a git repository (or any of the parent directories): .git
2023-10-26 14:03:29.213 [info] > git rev-parse --show-toplevel [3ms]
2023-10-26 14:03:29.213 [info] fatal: not a git repository (or any of the parent directories): .git
2023-10-26 14:03:40.735 [info] > git rev-parse --show-toplevel [2ms]
2023-10-26 14:03:40.735 [info] fatal: not a git repository (or any of the parent directories): .git
2023-10-26 14:03:50.492 [info] > git rev-parse --show-toplevel [1ms]
2023-10-26 14:03:50.492 [info] fatal: not a git repository (or any of the parent directories): .git
2023-10-26 14:04:02.446 [info] > git rev-parse --show-toplevel [1ms]
2023-10-26 14:04:02.446 [info] fatal: not a git repository (or any of the parent directories): .git
2023-10-26 14:04:26.446 [info] > git rev-parse --show-toplevel [1ms]
2023-10-26 14:04:26.446 [info] fatal: not a git repository (or any of the parent directories): .git
2023-10-26 14:04:27.767 [info] > git rev-parse --show-toplevel [2ms]
2023-10-26 14:04:27.767 [info] fatal: not a git repository (or any of the parent directories): .git
2023-10-26 14:04:45.253 [info] > git rev-parse --show-toplevel [1ms]
2023-10-26 14:04:45.253 [info] fatal: not a git repository (or any of the parent directories): .git
2023-10-26 14:05:28.120 [info] > git rev-parse --show-toplevel [1ms]
2023-10-26 14:05:28.120 [info] fatal: not a git repository (or any of the parent directories): .git
2023-10-26 14:05:28.125 [info] > git rev-parse --show-toplevel [1ms]
2023-10-26 14:05:28.125 [info] fatal: not a git repository (or any of the parent directories): .git
2023-10-26 14:05:28.129 [info] > git rev-parse --show-toplevel [0ms]
2023-10-26 14:05:28.129 [info] fatal: not a git repository (or any of the parent directories): .git
2023-10-26 14:05:36.907 [info] > git rev-parse --show-toplevel [1ms]
2023-10-26 14:05:36.907 [info] fatal: not a git repository (or any of the parent directories): .git
2023-10-26 14:05:50.063 [info] > git rev-parse --show-toplevel [1ms]
2023-10-26 14:05:50.063 [info] fatal: not a git repository (or any of the parent directories): .git
2023-10-26 14:05:52.690 [info] > git rev-parse --show-toplevel [1ms]
2023-10-26 14:05:52.690 [info] fatal: not a git repository (or any of the parent directories): .git
2023-10-26 14:06:10.311 [info] > git rev-parse --show-toplevel [2ms]
2023-10-26 14:06:10.311 [info] fatal: not a git repository (or any of the parent directories): .git
2023-10-26 14:06:38.945 [info] > git rev-parse --show-toplevel [2ms]
2023-10-26 14:06:38.945 [info] fatal: not a git repository (or any of the parent directories): .git
2023-10-26 14:06:48.981 [info] > git rev-parse --show-toplevel [2ms]
2023-10-26 14:06:48.981 [info] fatal: not a git repository (or any of the parent directories): .git
2023-10-26 14:07:28.349 [info] > git rev-parse --show-toplevel [1ms]
2023-10-26 14:07:28.349 [info] fatal: not a git repository (or any of the parent directories): .git
2023-10-26 14:08:43.986 [info] > git rev-parse --show-toplevel [2ms]
2023-10-26 14:08:43.986 [info] fatal: not a git repository (or any of the parent directories): .git
2023-10-26 14:08:48.862 [info] > git rev-parse --show-toplevel [1ms]
2023-10-26 14:08:48.862 [info] fatal: not a git repository (or any of the parent directories): .git
2023-10-26 14:10:13.833 [info] > git rev-parse --show-toplevel [0ms]
2023-10-26 14:10:13.833 [info] fatal: not a git repository (or any of the parent directories): .git
2023-10-26 14:10:16.706 [info] > git rev-parse --show-toplevel [1ms]
2023-10-26 14:10:16.706 [info] fatal: not a git repository (or any of the parent directories): .git
2023-10-26 14:10:40.968 [info] > git rev-parse --show-toplevel [2ms]
2023-10-26 14:10:40.968 [info] fatal: not a git repository (or any of the parent directories): .git
2023-10-26 14:12:16.953 [info] > git rev-parse --show-toplevel [1ms]
2023-10-26 14:12:16.953 [info] fatal: not a git repository (or any of the parent directories): .git
2023-10-26 14:12:19.477 [info] > git rev-parse --show-toplevel [0ms]
2023-10-26 14:12:19.477 [info] fatal: not a git repository (or any of the parent directories): .git
2023-10-26 14:16:32.547 [info] > git rev-parse --show-toplevel [1ms]
2023-10-26 14:16:32.547 [info] fatal: not a git repository (or any of the parent directories): .git
2023-10-26 14:16:37.120 [info] > git rev-parse --show-toplevel [1ms]
2023-10-26 14:16:37.120 [info] fatal: not a git repository (or any of the parent directories): .git
2023-10-26 14:16:41.118 [info] > git rev-parse --show-toplevel [1ms]
2023-10-26 14:16:41.118 [info] fatal: not a git repository (or any of the parent directories): .git
2023-10-26 14:16:52.100 [info] > git rev-parse --show-toplevel [1ms]
2023-10-26 14:16:52.100 [info] fatal: not a git repository (or any of the parent directories): .git
2023-10-26 14:17:08.297 [info] > git rev-parse --show-toplevel [1ms]
2023-10-26 14:17:08.297 [info] fatal: not a git repository (or any of the parent directories): .git
2023-10-26 14:17:25.069 [info] > git rev-parse --show-toplevel [1ms]
2023-10-26 14:17:25.069 [info] fatal: not a git repository (or any of the parent directories): .git
2023-10-26 14:17:26.962 [info] > git rev-parse --show-toplevel [1ms]
2023-10-26 14:17:26.962 [info] fatal: not a git repository (or any of the parent directories): .git
2023-10-26 14:18:36.366 [info] > git rev-parse --show-toplevel [1ms]
2023-10-26 14:18:36.366 [info] fatal: not a git repository (or any of the parent directories): .git
2023-10-26 14:19:31.980 [info] > git rev-parse --show-toplevel [1ms]
2023-10-26 14:19:31.980 [info] fatal: not a git repository (or any of the parent directories): .git
2023-10-26 14:19:40.566 [info] > git rev-parse --show-toplevel [2ms]
2023-10-26 14:19:40.566 [info] fatal: not a git repository (or any of the parent directories): .git
2023-10-26 14:19:54.941 [info] > git rev-parse --show-toplevel [0ms]
2023-10-26 14:19:54.941 [info] fatal: not a git repository (or any of the parent directories): .git
2023-10-26 14:20:02.690 [info] > git rev-parse --show-toplevel [1ms]
2023-10-26 14:20:02.690 [info] fatal: not a git repository (or any of the parent directories): .git
2023-10-26 14:20:09.237 [info] > git rev-parse --show-toplevel [3ms]
2023-10-26 14:20:09.237 [info] fatal: not a git repository (or any of the parent directories): .git
2023-10-26 14:20:13.600 [info] > git rev-parse --show-toplevel [2ms]
2023-10-26 14:20:13.600 [info] fatal: not a git repository (or any of the parent directories): .git
2023-10-26 14:20:14.661 [info] > git rev-parse --show-toplevel [1ms]
2023-10-26 14:20:14.661 [info] fatal: not a git repository (or any of the parent directories): .git
2023-10-26 14:21:16.941 [info] > git rev-parse --show-toplevel [1ms]
2023-10-26 14:21:16.941 [info] fatal: not a git repository (or any of the parent directories): .git
2023-10-26 14:22:25.460 [info] > git rev-parse --show-toplevel [1ms]
2023-10-26 14:22:25.460 [info] fatal: not a git repository (or any of the parent directories): .git
2023-10-26 14:22:56.708 [info] > git rev-parse --show-toplevel [1ms]
2023-10-26 14:22:56.708 [info] fatal: not a git repository (or any of the parent directories): .git
2023-10-26 14:23:09.144 [info] > git rev-parse --show-toplevel [1ms]
2023-10-26 14:23:09.144 [info] fatal: not a git repository (or any of the parent directories): .git
2023-10-26 14:23:11.118 [info] > git rev-parse --show-toplevel [1ms]
2023-10-26 14:23:11.118 [info] fatal: not a git repository (or any of the parent directories): .git
2023-10-26 14:26:03.676 [info] > git rev-parse --show-toplevel [4ms]
2023-10-26 14:26:03.676 [info] fatal: not a git repository (or any of the parent directories): .git
2023-10-26 14:49:56.505 [info] > git rev-parse --show-toplevel [0ms]
2023-10-26 14:49:56.505 [info] fatal: not a git repository (or any of the parent directories): .git
2023-10-26 14:50:50.638 [info] > git rev-parse --show-toplevel [1ms]
2023-10-26 14:50:50.638 [info] fatal: not a git repository (or any of the parent directories): .git
2023-10-26 14:51:06.859 [info] > git rev-parse --show-toplevel [2ms]
2023-10-26 14:51:06.859 [info] fatal: not a git repository (or any of the parent directories): .git
2023-10-26 14:51:12.604 [info] > git rev-parse --show-toplevel [1ms]
2023-10-26 14:51:12.604 [info] fatal: not a git repository (or any of the parent directories): .git
2023-10-26 14:51:14.869 [info] > git rev-parse --show-toplevel [1ms]
2023-10-26 14:51:14.869 [info] fatal: not a git repository (or any of the parent directories): .git
2023-10-26 14:51:33.680 [info] > git rev-parse --show-toplevel [1ms]
2023-10-26 14:51:33.680 [info] fatal: not a git repository (or any of the parent directories): .git
2023-10-26 14:51:39.192 [info] > git rev-parse --show-toplevel [1ms]
2023-10-26 14:51:39.192 [info] fatal: not a git repository (or any of the parent directories): .git
2023-10-26 14:51:45.929 [info] > git rev-parse --show-toplevel [0ms]
2023-10-26 14:51:45.929 [info] fatal: not a git repository (or any of the parent directories): .git
2023-10-26 14:52:01.505 [info] > git rev-parse --show-toplevel [0ms]
2023-10-26 14:52:01.505 [info] fatal: not a git repository (or any of the parent directories): .git
2023-10-26 14:52:16.985 [info] > git rev-parse --show-toplevel [2ms]
2023-10-26 14:52:16.985 [info] fatal: not a git repository (or any of the parent directories): .git
2023-10-26 14:52:20.184 [info] > git rev-parse --show-toplevel [1ms]
2023-10-26 14:52:20.184 [info] fatal: not a git repository (or any of the parent directories): .git
2023-10-26 14:52:30.770 [info] > git rev-parse --show-toplevel [1ms]
2023-10-26 14:52:30.770 [info] fatal: not a git repository (or any of the parent directories): .git
2023-10-26 14:52:40.796 [info] > git rev-parse --show-toplevel [0ms]
2023-10-26 14:52:40.796 [info] fatal: not a git repository (or any of the parent directories): .git
2023-10-26 14:52:48.230 [info] > git rev-parse --show-toplevel [1ms]
2023-10-26 14:52:48.230 [info] fatal: not a git repository (or any of the parent directories): .git
2023-10-26 14:53:29.527 [info] > git rev-parse --show-toplevel [1ms]
2023-10-26 14:53:29.527 [info] fatal: not a git repository (or any of the parent directories): .git
2023-10-26 14:53:34.192 [info] > git rev-parse --show-toplevel [1ms]
2023-10-26 14:53:34.192 [info] fatal: not a git repository (or any of the parent directories): .git
2023-10-26 15:06:48.836 [info] > git rev-parse --show-toplevel [1ms]
2023-10-26 15:06:48.836 [info] fatal: not a git repository (or any of the parent directories): .git
2023-10-26 15:07:14.858 [info] > git rev-parse --show-toplevel [1ms]
2023-10-26 15:07:14.859 [info] fatal: not a git repository (or any of the parent directories): .git
2023-10-26 15:10:06.499 [info] > git rev-parse --show-toplevel [1ms]
2023-10-26 15:10:06.499 [info] fatal: not a git repository (or any of the parent directories): .git
2023-10-26 15:10:18.813 [info] > git rev-parse --show-toplevel [0ms]
2023-10-26 15:10:18.813 [info] fatal: not a git repository (or any of the parent directories): .git
2023-10-26 15:10:34.718 [info] > git rev-parse --show-toplevel [0ms]
2023-10-26 15:10:34.718 [info] fatal: not a git repository (or any of the parent directories): .git
2023-10-26 15:10:39.080 [info] > git rev-parse --show-toplevel [1ms]
2023-10-26 15:10:39.080 [info] fatal: not a git repository (or any of the parent directories): .git
2023-10-26 15:10:51.935 [info] > git rev-parse --show-toplevel [1ms]
2023-10-26 15:10:51.935 [info] fatal: not a git repository (or any of the parent directories): .git
2023-10-26 15:11:05.058 [info] > git rev-parse --show-toplevel [1ms]
2023-10-26 15:11:05.058 [info] fatal: not a git repository (or any of the parent directories): .git
2023-10-26 15:11:18.153 [info] > git rev-parse --show-toplevel [1ms]
2023-10-26 15:11:18.153 [info] fatal: not a git repository (or any of the parent directories): .git
2023-10-26 15:12:35.568 [info] > git rev-parse --show-toplevel [2ms]
2023-10-26 15:12:35.568 [info] fatal: not a git repository (or any of the parent directories): .git
2023-10-26 15:13:09.268 [info] > git rev-parse --show-toplevel [1ms]
2023-10-26 15:13:09.268 [info] fatal: not a git repository (or any of the parent directories): .git
2023-10-26 15:13:10.617 [info] > git rev-parse --show-toplevel [1ms]
2023-10-26 15:13:10.617 [info] fatal: not a git repository (or any of the parent directories): .git
2023-10-26 15:14:19.378 [info] > git rev-parse --show-toplevel [2ms]
2023-10-26 15:14:19.378 [info] fatal: not a git repository (or any of the parent directories): .git
2023-10-26 15:16:41.261 [info] > git rev-parse --show-toplevel [1ms]
2023-10-26 15:16:41.261 [info] fatal: not a git repository (or any of the parent directories): .git
2023-10-26 15:16:58.563 [info] > git rev-parse --show-toplevel [2ms]
2023-10-26 15:16:58.563 [info] fatal: not a git repository (or any of the parent directories): .git
2023-10-26 15:17:00.695 [info] > git rev-parse --show-toplevel [2ms]
2023-10-26 15:17:00.695 [info] fatal: not a git repository (or any of the parent directories): .git
2023-10-26 15:17:05.063 [info] > git rev-parse --show-toplevel [1ms]
2023-10-26 15:17:05.063 [info] fatal: not a git repository (or any of the parent directories): .git
2023-10-26 15:18:16.213 [info] > git rev-parse --show-toplevel [1ms]
2023-10-26 15:18:16.213 [info] fatal: not a git repository (or any of the parent directories): .git
2023-10-26 15:18:54.156 [info] > git rev-parse --show-toplevel [1ms]
2023-10-26 15:18:54.156 [info] fatal: not a git repository (or any of the parent directories): .git
2023-10-26 15:19:07.441 [info] > git rev-parse --show-toplevel [1ms]
2023-10-26 15:19:07.442 [info] fatal: not a git repository (or any of the parent directories): .git
2023-10-26 15:19:10.826 [info] > git rev-parse --show-toplevel [1ms]
2023-10-26 15:19:10.826 [info] fatal: not a git repository (or any of the parent directories): .git
2023-10-26 15:19:19.163 [info] > git rev-parse --show-toplevel [1ms]
2023-10-26 15:19:19.163 [info] fatal: not a git repository (or any of the parent directories): .git
2023-10-26 15:19:20.380 [info] > git rev-parse --show-toplevel [2ms]
2023-10-26 15:19:20.380 [info] fatal: not a git repository (or any of the parent directories): .git
2023-10-26 15:21:14.408 [info] > git rev-parse --show-toplevel [1ms]
2023-10-26 15:21:14.408 [info] fatal: not a git repository (or any of the parent directories): .git
2023-10-26 15:22:12.555 [info] > git rev-parse --show-toplevel [1ms]
2023-10-26 15:22:12.555 [info] fatal: not a git repository (or any of the parent directories): .git
2023-10-26 15:22:17.168 [info] > git rev-parse --show-toplevel [2ms]
2023-10-26 15:22:17.168 [info] fatal: not a git repository (or any of the parent directories): .git
2023-10-26 15:22:23.296 [info] > git rev-parse --show-toplevel [1ms]
2023-10-26 15:22:23.296 [info] fatal: not a git repository (or any of the parent directories): .git
2023-10-26 15:22:41.325 [info] > git rev-parse --show-toplevel [1ms]
2023-10-26 15:22:41.325 [info] fatal: not a git repository (or any of the parent directories): .git
2023-10-26 15:22:47.545 [info] > git rev-parse --show-toplevel [7ms]
2023-10-26 15:22:47.545 [info] fatal: not a git repository (or any of the parent directories): .git
2023-10-26 15:22:53.544 [info] > git rev-parse --show-toplevel [2ms]
2023-10-26 15:22:53.544 [info] fatal: not a git repository (or any of the parent directories): .git
2023-10-26 15:23:01.410 [info] > git rev-parse --show-toplevel [1ms]
2023-10-26 15:23:01.410 [info] fatal: not a git repository (or any of the parent directories): .git
2023-10-26 15:23:04.545 [info] > git rev-parse --show-toplevel [1ms]
2023-10-26 15:23:04.545 [info] fatal: not a git repository (or any of the parent directories): .git
2023-10-26 15:23:12.556 [info] > git rev-parse --show-toplevel [1ms]
2023-10-26 15:23:12.556 [info] fatal: not a git repository (or any of the parent directories): .git
2023-10-26 15:23:17.504 [info] > git rev-parse --show-toplevel [2ms]
2023-10-26 15:23:17.504 [info] fatal: not a git repository (or any of the parent directories): .git
2023-10-26 15:23:18.163 [info] > git rev-parse --show-toplevel [1ms]
2023-10-26 15:23:18.163 [info] fatal: not a git repository (or any of the parent directories): .git
2023-10-26 15:23:18.738 [info] > git rev-parse --show-toplevel [2ms]
2023-10-26 15:23:18.738 [info] fatal: not a git repository (or any of the parent directories): .git
2023-10-26 15:23:19.306 [info] > git rev-parse --show-toplevel [2ms]
2023-10-26 15:23:19.306 [info] fatal: not a git repository (or any of the parent directories): .git
2023-10-26 15:23:19.879 [info] > git rev-parse --show-toplevel [1ms]
2023-10-26 15:23:19.879 [info] fatal: not a git repository (or any of the parent directories): .git
2023-10-26 15:23:20.824 [info] > git rev-parse --show-toplevel [3ms]
2023-10-26 15:23:20.824 [info] fatal: not a git repository (or any of the parent directories): .git
2023-10-26 15:23:34.407 [info] > git rev-parse --show-toplevel [1ms]
2023-10-26 15:23:34.407 [info] fatal: not a git repository (or any of the parent directories): .git
2023-10-26 15:23:46.166 [info] > git rev-parse --show-toplevel [2ms]
2023-10-26 15:23:46.167 [info] fatal: not a git repository (or any of the parent directories): .git
2023-10-26 15:24:47.863 [info] > git rev-parse --show-toplevel [1ms]
2023-10-26 15:24:47.863 [info] fatal: not a git repository (or any of the parent directories): .git
2023-10-26 15:24:51.430 [info] > git rev-parse --show-toplevel [1ms]
2023-10-26 15:24:51.430 [info] fatal: not a git repository (or any of the parent directories): .git
2023-10-26 15:25:06.508 [info] > git rev-parse --show-toplevel [1ms]
2023-10-26 15:25:06.508 [info] fatal: not a git repository (or any of the parent directories): .git
2023-10-26 15:26:12.193 [info] > git rev-parse --show-toplevel [1ms]
2023-10-26 15:26:12.193 [info] fatal: not a git repository (or any of the parent directories): .git
2023-10-26 15:26:31.303 [info] > git rev-parse --show-toplevel [2ms]
2023-10-26 15:26:31.303 [info] fatal: not a git repository (or any of the parent directories): .git
2023-10-26 15:26:36.280 [info] > git rev-parse --show-toplevel [1ms]
2023-10-26 15:26:36.280 [info] fatal: not a git repository (or any of the parent directories): .git
2023-10-26 15:38:56.731 [info] > git rev-parse --show-toplevel [1ms]
2023-10-26 15:38:56.731 [info] fatal: not a git repository (or any of the parent directories): .git
2023-10-26 15:40:57.572 [info] > git rev-parse --show-toplevel [1ms]
2023-10-26 15:40:57.572 [info] fatal: not a git repository (or any of the parent directories): .git
