2023-10-25 13:02:50.222 [info] Log level: Info
2023-10-25 13:02:50.222 [info] Validating found git in: "git"
2023-10-25 13:02:50.222 [info] Using git "2.34.1" from "git"
2023-10-25 13:02:50.225 [info] > git rev-parse --show-toplevel [10ms]
2023-10-25 13:02:50.225 [info] fatal: not a git repository (or any of the parent directories): .git
2023-10-25 13:02:50.246 [info] > git rev-parse --show-toplevel [17ms]
2023-10-25 13:02:50.246 [info] fatal: not a git repository (or any of the parent directories): .git
2023-10-25 13:02:50.257 [info] > git rev-parse --show-toplevel [3ms]
2023-10-25 13:02:50.257 [info] fatal: not a git repository (or any of the parent directories): .git
2023-10-25 13:02:50.269 [info] > git rev-parse --show-toplevel [5ms]
2023-10-25 13:02:50.269 [info] fatal: not a git repository (or any of the parent directories): .git
2023-10-25 13:02:50.279 [info] > git rev-parse --show-toplevel [8ms]
2023-10-25 13:02:50.279 [info] fatal: not a git repository (or any of the parent directories): .git
2023-10-25 13:02:50.291 [info] > git rev-parse --show-toplevel [5ms]
2023-10-25 13:02:50.291 [info] fatal: not a git repository (or any of the parent directories): .git
2023-10-25 13:02:50.304 [info] > git rev-parse --show-toplevel [6ms]
2023-10-25 13:02:50.304 [info] fatal: not a git repository (or any of the parent directories): .git
2023-10-25 13:02:55.954 [info] > git rev-parse --show-toplevel [5ms]
2023-10-25 13:02:55.954 [info] fatal: not a git repository (or any of the parent directories): .git
2023-10-25 13:03:03.100 [info] > git rev-parse --show-toplevel [1ms]
2023-10-25 13:03:03.100 [info] fatal: not a git repository (or any of the parent directories): .git
2023-10-25 13:03:04.792 [info] > git rev-parse --show-toplevel [2ms]
2023-10-25 13:03:04.792 [info] fatal: not a git repository (or any of the parent directories): .git
2023-10-25 13:03:22.317 [info] > git rev-parse --show-toplevel [1ms]
2023-10-25 13:03:22.317 [info] fatal: not a git repository (or any of the parent directories): .git
2023-10-25 13:03:23.548 [info] > git rev-parse --show-toplevel [1ms]
2023-10-25 13:03:23.548 [info] fatal: not a git repository (or any of the parent directories): .git
2023-10-25 13:03:35.472 [info] > git rev-parse --show-toplevel [1ms]
2023-10-25 13:03:35.472 [info] fatal: not a git repository (or any of the parent directories): .git
2023-10-25 13:05:57.647 [info] > git rev-parse --show-toplevel [2ms]
2023-10-25 13:05:57.647 [info] fatal: not a git repository (or any of the parent directories): .git
2023-10-25 13:07:05.685 [info] > git rev-parse --show-toplevel [0ms]
2023-10-25 13:07:05.685 [info] fatal: not a git repository (or any of the parent directories): .git
2023-10-25 13:11:24.302 [info] > git rev-parse --show-toplevel [2ms]
2023-10-25 13:11:24.302 [info] fatal: not a git repository (or any of the parent directories): .git
2023-10-25 13:11:36.254 [info] > git rev-parse --show-toplevel [2ms]
2023-10-25 13:11:36.254 [info] fatal: not a git repository (or any of the parent directories): .git
2023-10-25 13:11:37.878 [info] > git rev-parse --show-toplevel [1ms]
2023-10-25 13:11:37.878 [info] fatal: not a git repository (or any of the parent directories): .git
2023-10-25 13:13:38.280 [info] > git rev-parse --show-toplevel [1ms]
2023-10-25 13:13:38.280 [info] fatal: not a git repository (or any of the parent directories): .git
2023-10-25 13:13:39.923 [info] > git rev-parse --show-toplevel [2ms]
2023-10-25 13:13:39.923 [info] fatal: not a git repository (or any of the parent directories): .git
2023-10-25 13:14:28.859 [info] > git rev-parse --show-toplevel [3ms]
2023-10-25 13:14:28.859 [info] fatal: not a git repository (or any of the parent directories): .git
2023-10-25 13:14:30.906 [info] > git rev-parse --show-toplevel [0ms]
2023-10-25 13:14:30.906 [info] fatal: not a git repository (or any of the parent directories): .git
2023-10-25 13:14:42.069 [info] > git rev-parse --show-toplevel [1ms]
2023-10-25 13:14:42.069 [info] fatal: not a git repository (or any of the parent directories): .git
2023-10-25 13:14:43.417 [info] > git rev-parse --show-toplevel [3ms]
2023-10-25 13:14:43.417 [info] fatal: not a git repository (or any of the parent directories): .git
2023-10-25 13:14:45.253 [info] > git rev-parse --show-toplevel [1ms]
2023-10-25 13:14:45.253 [info] fatal: not a git repository (or any of the parent directories): .git
2023-10-25 13:14:50.061 [info] > git rev-parse --show-toplevel [2ms]
2023-10-25 13:14:50.061 [info] fatal: not a git repository (or any of the parent directories): .git
2023-10-25 13:14:55.162 [info] > git rev-parse --show-toplevel [1ms]
2023-10-25 13:14:55.162 [info] fatal: not a git repository (or any of the parent directories): .git
2023-10-25 13:16:37.660 [info] > git rev-parse --show-toplevel [2ms]
2023-10-25 13:16:37.660 [info] fatal: not a git repository (or any of the parent directories): .git
2023-10-25 13:16:50.631 [info] > git rev-parse --show-toplevel [1ms]
2023-10-25 13:16:50.631 [info] fatal: not a git repository (or any of the parent directories): .git
2023-10-25 13:16:51.075 [info] > git rev-parse --show-toplevel [1ms]
2023-10-25 13:16:51.075 [info] fatal: not a git repository (or any of the parent directories): .git
2023-10-25 13:16:52.818 [info] > git rev-parse --show-toplevel [1ms]
2023-10-25 13:16:52.818 [info] fatal: not a git repository (or any of the parent directories): .git
2023-10-25 13:16:53.610 [info] > git rev-parse --show-toplevel [0ms]
2023-10-25 13:16:53.611 [info] fatal: not a git repository (or any of the parent directories): .git
2023-10-25 13:18:37.283 [info] > git rev-parse --show-toplevel [1ms]
2023-10-25 13:18:37.283 [info] fatal: not a git repository (or any of the parent directories): .git
2023-10-25 13:18:39.574 [info] > git rev-parse --show-toplevel [1ms]
2023-10-25 13:18:39.574 [info] fatal: not a git repository (or any of the parent directories): .git
2023-10-25 13:18:42.668 [info] > git rev-parse --show-toplevel [1ms]
2023-10-25 13:18:42.668 [info] fatal: not a git repository (or any of the parent directories): .git
2023-10-25 13:18:47.294 [info] > git rev-parse --show-toplevel [1ms]
2023-10-25 13:18:47.294 [info] fatal: not a git repository (or any of the parent directories): .git
2023-10-25 13:18:50.725 [info] > git rev-parse --show-toplevel [1ms]
2023-10-25 13:18:50.725 [info] fatal: not a git repository (or any of the parent directories): .git
2023-10-25 13:18:52.012 [info] > git rev-parse --show-toplevel [1ms]
2023-10-25 13:18:52.012 [info] fatal: not a git repository (or any of the parent directories): .git
2023-10-25 13:18:56.515 [info] > git rev-parse --show-toplevel [1ms]
2023-10-25 13:18:56.515 [info] fatal: not a git repository (or any of the parent directories): .git
2023-10-25 13:18:57.453 [info] > git rev-parse --show-toplevel [0ms]
2023-10-25 13:18:57.453 [info] fatal: not a git repository (or any of the parent directories): .git
2023-10-25 13:21:47.977 [info] > git rev-parse --show-toplevel [1ms]
2023-10-25 13:21:47.977 [info] fatal: not a git repository (or any of the parent directories): .git
2023-10-25 13:22:22.556 [info] > git rev-parse --show-toplevel [1ms]
2023-10-25 13:22:22.556 [info] fatal: not a git repository (or any of the parent directories): .git
2023-10-25 13:22:30.754 [info] > git rev-parse --show-toplevel [1ms]
2023-10-25 13:22:30.754 [info] fatal: not a git repository (or any of the parent directories): .git
2023-10-25 13:22:36.965 [info] > git rev-parse --show-toplevel [1ms]
2023-10-25 13:22:36.965 [info] fatal: not a git repository (or any of the parent directories): .git
2023-10-25 13:25:23.152 [info] > git rev-parse --show-toplevel [0ms]
2023-10-25 13:25:23.152 [info] fatal: not a git repository (or any of the parent directories): .git
2023-10-25 13:26:05.988 [info] > git rev-parse --show-toplevel [1ms]
2023-10-25 13:26:05.988 [info] fatal: not a git repository (or any of the parent directories): .git
2023-10-25 13:26:43.239 [info] > git rev-parse --show-toplevel [1ms]
2023-10-25 13:26:43.239 [info] fatal: not a git repository (or any of the parent directories): .git
2023-10-25 13:29:50.221 [info] > git rev-parse --show-toplevel [1ms]
2023-10-25 13:29:50.221 [info] fatal: not a git repository (or any of the parent directories): .git
2023-10-25 13:29:54.480 [info] > git rev-parse --show-toplevel [5ms]
2023-10-25 13:29:54.480 [info] fatal: not a git repository (or any of the parent directories): .git
2023-10-25 13:30:05.530 [info] > git rev-parse --show-toplevel [1ms]
2023-10-25 13:30:05.530 [info] fatal: not a git repository (or any of the parent directories): .git
2023-10-25 13:30:59.705 [info] > git rev-parse --show-toplevel [1ms]
2023-10-25 13:30:59.705 [info] fatal: not a git repository (or any of the parent directories): .git
2023-10-25 13:31:00.338 [info] > git rev-parse --show-toplevel [1ms]
2023-10-25 13:31:00.338 [info] fatal: not a git repository (or any of the parent directories): .git
2023-10-25 13:31:05.404 [info] > git rev-parse --show-toplevel [1ms]
2023-10-25 13:31:05.404 [info] fatal: not a git repository (or any of the parent directories): .git
2023-10-25 13:31:06.371 [info] > git rev-parse --show-toplevel [1ms]
2023-10-25 13:31:06.371 [info] fatal: not a git repository (or any of the parent directories): .git
2023-10-25 13:31:08.153 [info] > git rev-parse --show-toplevel [14ms]
2023-10-25 13:31:08.153 [info] fatal: not a git repository (or any of the parent directories): .git
2023-10-25 13:31:11.033 [info] > git rev-parse --show-toplevel [2ms]
2023-10-25 13:31:11.033 [info] fatal: not a git repository (or any of the parent directories): .git
2023-10-25 13:31:18.630 [info] > git rev-parse --show-toplevel [1ms]
2023-10-25 13:31:18.630 [info] fatal: not a git repository (or any of the parent directories): .git
2023-10-25 13:31:20.083 [info] > git rev-parse --show-toplevel [3ms]
2023-10-25 13:31:20.083 [info] fatal: not a git repository (or any of the parent directories): .git
2023-10-25 13:31:26.143 [info] > git rev-parse --show-toplevel [1ms]
2023-10-25 13:31:26.143 [info] fatal: not a git repository (or any of the parent directories): .git
2023-10-25 13:31:26.532 [info] > git rev-parse --show-toplevel [1ms]
2023-10-25 13:31:26.532 [info] fatal: not a git repository (or any of the parent directories): .git
2023-10-25 13:31:27.005 [info] > git rev-parse --show-toplevel [1ms]
2023-10-25 13:31:27.005 [info] fatal: not a git repository (or any of the parent directories): .git
2023-10-25 13:31:27.600 [info] > git rev-parse --show-toplevel [2ms]
2023-10-25 13:31:27.600 [info] fatal: not a git repository (or any of the parent directories): .git
2023-10-25 13:32:33.290 [info] > git rev-parse --show-toplevel [4ms]
2023-10-25 13:32:33.290 [info] fatal: not a git repository (or any of the parent directories): .git
2023-10-25 13:32:35.303 [info] > git rev-parse --show-toplevel [2ms]
2023-10-25 13:32:35.303 [info] fatal: not a git repository (or any of the parent directories): .git
2023-10-25 13:32:36.103 [info] > git rev-parse --show-toplevel [1ms]
2023-10-25 13:32:36.103 [info] fatal: not a git repository (or any of the parent directories): .git
2023-10-25 13:33:31.410 [info] > git rev-parse --show-toplevel [1ms]
2023-10-25 13:33:31.410 [info] fatal: not a git repository (or any of the parent directories): .git
2023-10-25 13:33:41.964 [info] > git rev-parse --show-toplevel [2ms]
2023-10-25 13:33:41.964 [info] fatal: not a git repository (or any of the parent directories): .git
2023-10-25 13:33:44.054 [info] > git rev-parse --show-toplevel [1ms]
2023-10-25 13:33:44.054 [info] fatal: not a git repository (or any of the parent directories): .git
2023-10-25 13:33:45.145 [info] > git rev-parse --show-toplevel [0ms]
2023-10-25 13:33:45.145 [info] fatal: not a git repository (or any of the parent directories): .git
2023-10-25 13:33:46.060 [info] > git rev-parse --show-toplevel [1ms]
2023-10-25 13:33:46.060 [info] fatal: not a git repository (or any of the parent directories): .git
2023-10-25 13:33:47.119 [info] > git rev-parse --show-toplevel [1ms]
2023-10-25 13:33:47.119 [info] fatal: not a git repository (or any of the parent directories): .git
2023-10-25 13:36:07.846 [info] > git rev-parse --show-toplevel [2ms]
2023-10-25 13:36:07.846 [info] fatal: not a git repository (or any of the parent directories): .git
2023-10-25 13:41:27.860 [info] > git rev-parse --show-toplevel [1ms]
2023-10-25 13:41:27.860 [info] fatal: not a git repository (or any of the parent directories): .git
2023-10-25 13:41:42.907 [info] > git rev-parse --show-toplevel [0ms]
2023-10-25 13:41:42.907 [info] fatal: not a git repository (or any of the parent directories): .git
2023-10-25 13:41:43.702 [info] > git rev-parse --show-toplevel [1ms]
2023-10-25 13:41:43.702 [info] fatal: not a git repository (or any of the parent directories): .git
2023-10-25 13:42:46.442 [info] > git rev-parse --show-toplevel [1ms]
2023-10-25 13:42:46.442 [info] fatal: not a git repository (or any of the parent directories): .git
2023-10-25 13:42:53.365 [info] > git rev-parse --show-toplevel [1ms]
2023-10-25 13:42:53.365 [info] fatal: not a git repository (or any of the parent directories): .git
2023-10-25 13:44:01.439 [info] > git rev-parse --show-toplevel [1ms]
2023-10-25 13:44:01.439 [info] fatal: not a git repository (or any of the parent directories): .git
2023-10-25 13:44:10.951 [info] > git rev-parse --show-toplevel [1ms]
2023-10-25 13:44:10.951 [info] fatal: not a git repository (or any of the parent directories): .git
2023-10-25 13:45:02.462 [info] > git rev-parse --show-toplevel [2ms]
2023-10-25 13:45:02.462 [info] fatal: not a git repository (or any of the parent directories): .git
2023-10-25 13:45:36.769 [info] > git rev-parse --show-toplevel [2ms]
2023-10-25 13:45:36.769 [info] fatal: not a git repository (or any of the parent directories): .git
2023-10-25 13:45:42.049 [info] > git rev-parse --show-toplevel [0ms]
2023-10-25 13:45:42.049 [info] fatal: not a git repository (or any of the parent directories): .git
2023-10-25 13:45:46.608 [info] > git rev-parse --show-toplevel [2ms]
2023-10-25 13:45:46.608 [info] fatal: not a git repository (or any of the parent directories): .git
2023-10-25 13:46:08.345 [info] > git rev-parse --show-toplevel [2ms]
2023-10-25 13:46:08.345 [info] fatal: not a git repository (or any of the parent directories): .git
2023-10-25 13:49:52.758 [info] > git rev-parse --show-toplevel [0ms]
2023-10-25 13:49:52.758 [info] fatal: not a git repository (or any of the parent directories): .git
2023-10-25 13:49:55.561 [info] > git rev-parse --show-toplevel [1ms]
2023-10-25 13:49:55.561 [info] fatal: not a git repository (or any of the parent directories): .git
2023-10-25 13:50:04.420 [info] > git rev-parse --show-toplevel [1ms]
2023-10-25 13:50:04.420 [info] fatal: not a git repository (or any of the parent directories): .git
2023-10-25 13:50:11.848 [info] > git rev-parse --show-toplevel [2ms]
2023-10-25 13:50:11.848 [info] fatal: not a git repository (or any of the parent directories): .git
2023-10-25 13:50:13.928 [info] > git rev-parse --show-toplevel [0ms]
2023-10-25 13:50:13.928 [info] fatal: not a git repository (or any of the parent directories): .git
2023-10-25 13:50:20.593 [info] > git rev-parse --show-toplevel [1ms]
2023-10-25 13:50:20.593 [info] fatal: not a git repository (or any of the parent directories): .git
2023-10-25 13:50:22.007 [info] > git rev-parse --show-toplevel [1ms]
2023-10-25 13:50:22.007 [info] fatal: not a git repository (or any of the parent directories): .git
2023-10-25 13:50:27.879 [info] > git rev-parse --show-toplevel [1ms]
2023-10-25 13:50:27.879 [info] fatal: not a git repository (or any of the parent directories): .git
2023-10-25 13:50:30.079 [info] > git rev-parse --show-toplevel [1ms]
2023-10-25 13:50:30.079 [info] fatal: not a git repository (or any of the parent directories): .git
2023-10-25 13:50:31.257 [info] > git rev-parse --show-toplevel [2ms]
2023-10-25 13:50:31.257 [info] fatal: not a git repository (or any of the parent directories): .git
2023-10-25 13:50:42.043 [info] > git rev-parse --show-toplevel [1ms]
2023-10-25 13:50:42.043 [info] fatal: not a git repository (or any of the parent directories): .git
2023-10-25 13:54:35.254 [info] > git rev-parse --show-toplevel [2ms]
2023-10-25 13:54:35.254 [info] fatal: not a git repository (or any of the parent directories): .git
2023-10-25 13:54:38.159 [info] > git rev-parse --show-toplevel [2ms]
2023-10-25 13:54:38.159 [info] fatal: not a git repository (or any of the parent directories): .git
