2023-10-26 12:11:33.573 [info] Log level: Info
2023-10-26 12:11:33.573 [info] Validating found git in: "git"
2023-10-26 12:11:33.573 [info] Using git "2.34.1" from "git"
2023-10-26 12:11:33.573 [info] > git rev-parse --show-toplevel [334ms]
2023-10-26 12:11:33.573 [info] fatal: not a git repository (or any of the parent directories): .git
2023-10-26 12:11:33.573 [info] > git rev-parse --show-toplevel [19ms]
2023-10-26 12:11:33.573 [info] fatal: not a git repository (or any of the parent directories): .git
2023-10-26 12:11:33.576 [info] > git rev-parse --show-toplevel [4ms]
2023-10-26 12:11:33.576 [info] fatal: not a git repository (or any of the parent directories): .git
2023-10-26 12:11:33.592 [info] > git rev-parse --show-toplevel [6ms]
2023-10-26 12:11:33.592 [info] fatal: not a git repository (or any of the parent directories): .git
2023-10-26 12:11:33.600 [info] > git rev-parse --show-toplevel [4ms]
2023-10-26 12:11:33.600 [info] fatal: not a git repository (or any of the parent directories): .git
2023-10-26 12:11:33.615 [info] > git rev-parse --show-toplevel [12ms]
2023-10-26 12:11:33.615 [info] fatal: not a git repository (or any of the parent directories): .git
2023-10-26 12:11:33.626 [info] > git rev-parse --show-toplevel [6ms]
2023-10-26 12:11:33.626 [info] fatal: not a git repository (or any of the parent directories): .git
2023-10-26 12:13:15.743 [info] > git rev-parse --show-toplevel [1ms]
2023-10-26 12:13:15.743 [info] fatal: not a git repository (or any of the parent directories): .git
2023-10-26 12:13:15.746 [info] > git rev-parse --show-toplevel [1ms]
2023-10-26 12:13:15.746 [info] fatal: not a git repository (or any of the parent directories): .git
2023-10-26 12:13:22.210 [info] > git rev-parse --show-toplevel [6ms]
2023-10-26 12:13:22.210 [info] fatal: not a git repository (or any of the parent directories): .git
2023-10-26 12:13:22.243 [info] > git rev-parse --show-toplevel [2ms]
2023-10-26 12:13:22.243 [info] fatal: not a git repository (or any of the parent directories): .git
2023-10-26 12:13:22.250 [info] > git rev-parse --show-toplevel [2ms]
2023-10-26 12:13:22.250 [info] fatal: not a git repository (or any of the parent directories): .git
2023-10-26 12:13:35.634 [info] > git rev-parse --show-toplevel [1ms]
2023-10-26 12:13:35.634 [info] fatal: not a git repository (or any of the parent directories): .git
2023-10-26 12:13:35.662 [info] > git rev-parse --show-toplevel [2ms]
2023-10-26 12:13:35.662 [info] fatal: not a git repository (or any of the parent directories): .git
2023-10-26 12:13:35.669 [info] > git rev-parse --show-toplevel [1ms]
2023-10-26 12:13:35.669 [info] fatal: not a git repository (or any of the parent directories): .git
2023-10-26 12:14:01.258 [info] > git rev-parse --show-toplevel [1ms]
2023-10-26 12:14:01.258 [info] fatal: not a git repository (or any of the parent directories): .git
2023-10-26 12:14:11.366 [info] > git rev-parse --show-toplevel [1ms]
2023-10-26 12:14:11.366 [info] fatal: not a git repository (or any of the parent directories): .git
2023-10-26 12:14:24.585 [info] > git rev-parse --show-toplevel [1ms]
2023-10-26 12:14:24.585 [info] fatal: not a git repository (or any of the parent directories): .git
2023-10-26 12:14:31.060 [info] > git rev-parse --show-toplevel [2ms]
2023-10-26 12:14:31.060 [info] fatal: not a git repository (or any of the parent directories): .git
2023-10-26 12:14:51.684 [info] > git rev-parse --show-toplevel [2ms]
2023-10-26 12:14:51.684 [info] fatal: not a git repository (or any of the parent directories): .git
2023-10-26 12:14:55.192 [info] > git rev-parse --show-toplevel [5ms]
2023-10-26 12:14:55.192 [info] fatal: not a git repository (or any of the parent directories): .git
2023-10-26 12:14:59.795 [info] > git rev-parse --show-toplevel [3ms]
2023-10-26 12:14:59.795 [info] fatal: not a git repository (or any of the parent directories): .git
2023-10-26 12:15:07.538 [info] > git rev-parse --show-toplevel [1ms]
2023-10-26 12:15:07.538 [info] fatal: not a git repository (or any of the parent directories): .git
2023-10-26 12:15:08.678 [info] > git rev-parse --show-toplevel [3ms]
2023-10-26 12:15:08.678 [info] fatal: not a git repository (or any of the parent directories): .git
2023-10-26 12:15:09.905 [info] > git rev-parse --show-toplevel [1ms]
2023-10-26 12:15:09.905 [info] fatal: not a git repository (or any of the parent directories): .git
2023-10-26 12:15:44.395 [info] > git rev-parse --show-toplevel [6ms]
2023-10-26 12:15:44.395 [info] fatal: not a git repository (or any of the parent directories): .git
2023-10-26 12:15:53.051 [info] > git rev-parse --show-toplevel [2ms]
2023-10-26 12:15:53.051 [info] fatal: not a git repository (or any of the parent directories): .git
2023-10-26 12:16:22.782 [info] > git rev-parse --show-toplevel [1ms]
2023-10-26 12:16:22.783 [info] fatal: not a git repository (or any of the parent directories): .git
2023-10-26 12:16:23.428 [info] > git rev-parse --show-toplevel [1ms]
2023-10-26 12:16:23.428 [info] fatal: not a git repository (or any of the parent directories): .git
2023-10-26 12:16:24.866 [info] > git rev-parse --show-toplevel [4ms]
2023-10-26 12:16:24.866 [info] fatal: not a git repository (or any of the parent directories): .git
2023-10-26 12:16:29.921 [info] > git rev-parse --show-toplevel [1ms]
2023-10-26 12:16:29.921 [info] fatal: not a git repository (or any of the parent directories): .git
2023-10-26 12:16:38.340 [info] > git rev-parse --show-toplevel [1ms]
2023-10-26 12:16:38.340 [info] fatal: not a git repository (or any of the parent directories): .git
2023-10-26 12:16:38.964 [info] > git rev-parse --show-toplevel [1ms]
2023-10-26 12:16:38.964 [info] fatal: not a git repository (or any of the parent directories): .git
2023-10-26 12:16:41.819 [info] > git rev-parse --show-toplevel [2ms]
2023-10-26 12:16:41.819 [info] fatal: not a git repository (or any of the parent directories): .git
2023-10-26 12:16:49.147 [info] > git rev-parse --show-toplevel [2ms]
2023-10-26 12:16:49.147 [info] fatal: not a git repository (or any of the parent directories): .git
2023-10-26 12:16:55.432 [info] > git rev-parse --show-toplevel [0ms]
2023-10-26 12:16:55.432 [info] fatal: not a git repository (or any of the parent directories): .git
2023-10-26 12:16:59.666 [info] > git rev-parse --show-toplevel [23ms]
2023-10-26 12:16:59.666 [info] fatal: not a git repository (or any of the parent directories): .git
2023-10-26 12:16:59.935 [info] > git rev-parse --show-toplevel [1ms]
2023-10-26 12:16:59.935 [info] fatal: not a git repository (or any of the parent directories): .git
2023-10-26 12:17:16.288 [info] > git rev-parse --show-toplevel [1ms]
2023-10-26 12:17:16.288 [info] fatal: not a git repository (or any of the parent directories): .git
2023-10-26 12:17:17.310 [info] > git rev-parse --show-toplevel [1ms]
2023-10-26 12:17:17.310 [info] fatal: not a git repository (or any of the parent directories): .git
2023-10-26 12:17:31.743 [info] > git rev-parse --show-toplevel [1ms]
2023-10-26 12:17:31.743 [info] fatal: not a git repository (or any of the parent directories): .git
2023-10-26 12:18:58.351 [info] > git rev-parse --show-toplevel [3ms]
2023-10-26 12:18:58.351 [info] fatal: not a git repository (or any of the parent directories): .git
2023-10-26 12:18:59.421 [info] > git rev-parse --show-toplevel [1ms]
2023-10-26 12:18:59.421 [info] fatal: not a git repository (or any of the parent directories): .git
2023-10-26 12:19:06.524 [info] > git rev-parse --show-toplevel [1ms]
2023-10-26 12:19:06.524 [info] fatal: not a git repository (or any of the parent directories): .git
2023-10-26 12:19:17.893 [info] > git rev-parse --show-toplevel [2ms]
2023-10-26 12:19:17.893 [info] fatal: not a git repository (or any of the parent directories): .git
2023-10-26 12:19:24.665 [info] > git rev-parse --show-toplevel [1ms]
2023-10-26 12:19:24.665 [info] fatal: not a git repository (or any of the parent directories): .git
2023-10-26 12:19:31.395 [info] > git rev-parse --show-toplevel [1ms]
2023-10-26 12:19:31.395 [info] fatal: not a git repository (or any of the parent directories): .git
2023-10-26 12:19:38.341 [info] > git rev-parse --show-toplevel [1ms]
2023-10-26 12:19:38.341 [info] fatal: not a git repository (or any of the parent directories): .git
2023-10-26 12:19:45.580 [info] > git rev-parse --show-toplevel [0ms]
2023-10-26 12:19:45.580 [info] fatal: not a git repository (or any of the parent directories): .git
2023-10-26 12:24:21.486 [info] > git rev-parse --show-toplevel [1ms]
2023-10-26 12:24:21.486 [info] fatal: not a git repository (or any of the parent directories): .git
2023-10-26 12:24:26.874 [info] > git rev-parse --show-toplevel [1ms]
2023-10-26 12:24:26.874 [info] fatal: not a git repository (or any of the parent directories): .git
2023-10-26 12:24:34.860 [info] > git rev-parse --show-toplevel [0ms]
2023-10-26 12:24:34.860 [info] fatal: not a git repository (or any of the parent directories): .git
2023-10-26 12:24:35.293 [info] > git rev-parse --show-toplevel [0ms]
2023-10-26 12:24:35.293 [info] fatal: not a git repository (or any of the parent directories): .git
2023-10-26 12:24:39.934 [info] > git rev-parse --show-toplevel [1ms]
2023-10-26 12:24:39.934 [info] fatal: not a git repository (or any of the parent directories): .git
2023-10-26 12:24:46.523 [info] > git rev-parse --show-toplevel [1ms]
2023-10-26 12:24:46.523 [info] fatal: not a git repository (or any of the parent directories): .git
2023-10-26 12:26:03.046 [info] > git rev-parse --show-toplevel [1ms]
2023-10-26 12:26:03.046 [info] fatal: not a git repository (or any of the parent directories): .git
2023-10-26 12:27:22.674 [info] > git rev-parse --show-toplevel [2ms]
2023-10-26 12:27:22.674 [info] fatal: not a git repository (or any of the parent directories): .git
2023-10-26 12:28:29.439 [info] > git rev-parse --show-toplevel [2ms]
2023-10-26 12:28:29.439 [info] fatal: not a git repository (or any of the parent directories): .git
2023-10-26 12:28:32.375 [info] > git rev-parse --show-toplevel [3ms]
2023-10-26 12:28:32.375 [info] fatal: not a git repository (or any of the parent directories): .git
2023-10-26 12:28:35.625 [info] > git rev-parse --show-toplevel [1ms]
2023-10-26 12:28:35.625 [info] fatal: not a git repository (or any of the parent directories): .git
2023-10-26 12:28:37.795 [info] > git rev-parse --show-toplevel [1ms]
2023-10-26 12:28:37.795 [info] fatal: not a git repository (or any of the parent directories): .git
2023-10-26 12:29:22.965 [info] > git rev-parse --show-toplevel [1ms]
2023-10-26 12:29:22.965 [info] fatal: not a git repository (or any of the parent directories): .git
2023-10-26 12:29:23.612 [info] > git rev-parse --show-toplevel [1ms]
2023-10-26 12:29:23.612 [info] fatal: not a git repository (or any of the parent directories): .git
2023-10-26 12:29:29.063 [info] > git rev-parse --show-toplevel [2ms]
2023-10-26 12:29:29.063 [info] fatal: not a git repository (or any of the parent directories): .git
2023-10-26 12:30:27.225 [info] > git rev-parse --show-toplevel [0ms]
2023-10-26 12:30:27.225 [info] fatal: not a git repository (or any of the parent directories): .git
2023-10-26 12:33:03.021 [info] > git rev-parse --show-toplevel [1ms]
2023-10-26 12:33:03.021 [info] fatal: not a git repository (or any of the parent directories): .git
2023-10-26 12:33:33.170 [info] > git rev-parse --show-toplevel [2ms]
2023-10-26 12:33:33.170 [info] fatal: not a git repository (or any of the parent directories): .git
2023-10-26 12:33:37.576 [info] > git rev-parse --show-toplevel [1ms]
2023-10-26 12:33:37.576 [info] fatal: not a git repository (or any of the parent directories): .git
2023-10-26 12:33:56.175 [info] > git rev-parse --show-toplevel [1ms]
2023-10-26 12:33:56.175 [info] fatal: not a git repository (or any of the parent directories): .git
2023-10-26 12:34:06.101 [info] > git rev-parse --show-toplevel [0ms]
2023-10-26 12:34:06.102 [info] fatal: not a git repository (or any of the parent directories): .git
2023-10-26 12:34:39.200 [info] > git rev-parse --show-toplevel [1ms]
2023-10-26 12:34:39.200 [info] fatal: not a git repository (or any of the parent directories): .git
2023-10-26 12:35:07.477 [info] > git rev-parse --show-toplevel [1ms]
2023-10-26 12:35:07.477 [info] fatal: not a git repository (or any of the parent directories): .git
2023-10-26 12:36:52.363 [info] > git rev-parse --show-toplevel [1ms]
2023-10-26 12:36:52.363 [info] fatal: not a git repository (or any of the parent directories): .git
2023-10-26 12:37:07.060 [info] > git rev-parse --show-toplevel [2ms]
2023-10-26 12:37:07.060 [info] fatal: not a git repository (or any of the parent directories): .git
2023-10-26 12:37:18.912 [info] > git rev-parse --show-toplevel [0ms]
2023-10-26 12:37:18.913 [info] fatal: not a git repository (or any of the parent directories): .git
2023-10-26 12:37:19.996 [info] > git rev-parse --show-toplevel [1ms]
2023-10-26 12:37:19.996 [info] fatal: not a git repository (or any of the parent directories): .git
2023-10-26 12:37:20.609 [info] > git rev-parse --show-toplevel [5ms]
2023-10-26 12:37:20.609 [info] fatal: not a git repository (or any of the parent directories): .git
2023-10-26 12:37:21.660 [info] > git rev-parse --show-toplevel [2ms]
2023-10-26 12:37:21.660 [info] fatal: not a git repository (or any of the parent directories): .git
2023-10-26 12:37:22.210 [info] > git rev-parse --show-toplevel [1ms]
2023-10-26 12:37:22.210 [info] fatal: not a git repository (or any of the parent directories): .git
2023-10-26 12:37:22.888 [info] > git rev-parse --show-toplevel [1ms]
2023-10-26 12:37:22.888 [info] fatal: not a git repository (or any of the parent directories): .git
2023-10-26 12:37:24.011 [info] > git rev-parse --show-toplevel [5ms]
2023-10-26 12:37:24.011 [info] fatal: not a git repository (or any of the parent directories): .git
2023-10-26 12:37:34.000 [info] > git rev-parse --show-toplevel [1ms]
2023-10-26 12:37:34.000 [info] fatal: not a git repository (or any of the parent directories): .git
2023-10-26 12:37:46.503 [info] > git rev-parse --show-toplevel [1ms]
2023-10-26 12:37:46.503 [info] fatal: not a git repository (or any of the parent directories): .git
2023-10-26 12:38:03.607 [info] > git rev-parse --show-toplevel [1ms]
2023-10-26 12:38:03.607 [info] fatal: not a git repository (or any of the parent directories): .git
2023-10-26 12:38:18.309 [info] > git rev-parse --show-toplevel [1ms]
2023-10-26 12:38:18.309 [info] fatal: not a git repository (or any of the parent directories): .git
2023-10-26 12:38:23.757 [info] > git rev-parse --show-toplevel [1ms]
2023-10-26 12:38:23.757 [info] fatal: not a git repository (or any of the parent directories): .git
2023-10-26 12:38:26.133 [info] > git rev-parse --show-toplevel [2ms]
2023-10-26 12:38:26.133 [info] fatal: not a git repository (or any of the parent directories): .git
2023-10-26 12:38:28.093 [info] > git rev-parse --show-toplevel [1ms]
2023-10-26 12:38:28.093 [info] fatal: not a git repository (or any of the parent directories): .git
2023-10-26 12:38:37.337 [info] > git rev-parse --show-toplevel [4ms]
2023-10-26 12:38:37.337 [info] fatal: not a git repository (or any of the parent directories): .git
2023-10-26 12:38:52.801 [info] > git rev-parse --show-toplevel [1ms]
2023-10-26 12:38:52.801 [info] fatal: not a git repository (or any of the parent directories): .git
2023-10-26 12:39:29.349 [info] > git rev-parse --show-toplevel [1ms]
2023-10-26 12:39:29.349 [info] fatal: not a git repository (or any of the parent directories): .git
2023-10-26 12:39:32.784 [info] > git rev-parse --show-toplevel [3ms]
2023-10-26 12:39:32.784 [info] fatal: not a git repository (or any of the parent directories): .git
2023-10-26 12:39:50.674 [info] > git rev-parse --show-toplevel [1ms]
2023-10-26 12:39:50.674 [info] fatal: not a git repository (or any of the parent directories): .git
2023-10-26 12:40:21.587 [info] > git rev-parse --show-toplevel [5ms]
2023-10-26 12:40:21.587 [info] fatal: not a git repository (or any of the parent directories): .git
2023-10-26 12:40:53.085 [info] > git rev-parse --show-toplevel [3ms]
2023-10-26 12:40:53.085 [info] fatal: not a git repository (or any of the parent directories): .git
2023-10-26 12:40:54.894 [info] > git rev-parse --show-toplevel [1ms]
2023-10-26 12:40:54.894 [info] fatal: not a git repository (or any of the parent directories): .git
2023-10-26 12:40:56.220 [info] > git rev-parse --show-toplevel [1ms]
2023-10-26 12:40:56.220 [info] fatal: not a git repository (or any of the parent directories): .git
2023-10-26 12:40:57.196 [info] > git rev-parse --show-toplevel [1ms]
2023-10-26 12:40:57.196 [info] fatal: not a git repository (or any of the parent directories): .git
2023-10-26 12:41:15.394 [info] > git rev-parse --show-toplevel [1ms]
2023-10-26 12:41:15.394 [info] fatal: not a git repository (or any of the parent directories): .git
2023-10-26 12:41:30.478 [info] > git rev-parse --show-toplevel [1ms]
2023-10-26 12:41:30.478 [info] fatal: not a git repository (or any of the parent directories): .git
2023-10-26 12:41:38.498 [info] > git rev-parse --show-toplevel [2ms]
2023-10-26 12:41:38.498 [info] fatal: not a git repository (or any of the parent directories): .git
2023-10-26 12:41:43.698 [info] > git rev-parse --show-toplevel [1ms]
2023-10-26 12:41:43.698 [info] fatal: not a git repository (or any of the parent directories): .git
2023-10-26 12:43:23.193 [info] > git rev-parse --show-toplevel [2ms]
2023-10-26 12:43:23.193 [info] fatal: not a git repository (or any of the parent directories): .git
2023-10-26 12:43:26.636 [info] > git rev-parse --show-toplevel [1ms]
2023-10-26 12:43:26.636 [info] fatal: not a git repository (or any of the parent directories): .git
2023-10-26 12:43:28.440 [info] > git rev-parse --show-toplevel [1ms]
2023-10-26 12:43:28.440 [info] fatal: not a git repository (or any of the parent directories): .git
2023-10-26 12:44:25.575 [info] > git rev-parse --show-toplevel [1ms]
2023-10-26 12:44:25.575 [info] fatal: not a git repository (or any of the parent directories): .git
2023-10-26 12:45:33.704 [info] > git rev-parse --show-toplevel [1ms]
2023-10-26 12:45:33.704 [info] fatal: not a git repository (or any of the parent directories): .git
2023-10-26 12:45:38.833 [info] > git rev-parse --show-toplevel [2ms]
2023-10-26 12:45:38.833 [info] fatal: not a git repository (or any of the parent directories): .git
2023-10-26 12:45:47.399 [info] > git rev-parse --show-toplevel [2ms]
2023-10-26 12:45:47.399 [info] fatal: not a git repository (or any of the parent directories): .git
2023-10-26 12:45:54.418 [info] > git rev-parse --show-toplevel [1ms]
2023-10-26 12:45:54.418 [info] fatal: not a git repository (or any of the parent directories): .git
2023-10-26 12:45:55.542 [info] > git rev-parse --show-toplevel [0ms]
2023-10-26 12:45:55.542 [info] fatal: not a git repository (or any of the parent directories): .git
2023-10-26 12:46:27.201 [info] > git rev-parse --show-toplevel [2ms]
2023-10-26 12:46:27.201 [info] fatal: not a git repository (or any of the parent directories): .git
2023-10-26 12:47:07.157 [info] > git rev-parse --show-toplevel [1ms]
2023-10-26 12:47:07.157 [info] fatal: not a git repository (or any of the parent directories): .git
2023-10-26 12:47:20.699 [info] > git rev-parse --show-toplevel [1ms]
2023-10-26 12:47:20.699 [info] fatal: not a git repository (or any of the parent directories): .git
2023-10-26 12:47:23.959 [info] > git rev-parse --show-toplevel [1ms]
2023-10-26 12:47:23.959 [info] fatal: not a git repository (or any of the parent directories): .git
2023-10-26 12:47:25.396 [info] > git rev-parse --show-toplevel [1ms]
2023-10-26 12:47:25.396 [info] fatal: not a git repository (or any of the parent directories): .git
2023-10-26 12:47:48.019 [info] > git rev-parse --show-toplevel [2ms]
2023-10-26 12:47:48.019 [info] fatal: not a git repository (or any of the parent directories): .git
2023-10-26 12:48:31.110 [info] > git rev-parse --show-toplevel [0ms]
2023-10-26 12:48:31.110 [info] fatal: not a git repository (or any of the parent directories): .git
2023-10-26 12:49:11.808 [info] > git rev-parse --show-toplevel [1ms]
2023-10-26 12:49:11.808 [info] fatal: not a git repository (or any of the parent directories): .git
2023-10-26 12:49:33.332 [info] > git rev-parse --show-toplevel [1ms]
2023-10-26 12:49:33.332 [info] fatal: not a git repository (or any of the parent directories): .git
2023-10-26 12:49:52.139 [info] > git rev-parse --show-toplevel [2ms]
2023-10-26 12:49:52.139 [info] fatal: not a git repository (or any of the parent directories): .git
2023-10-26 12:50:50.283 [info] > git rev-parse --show-toplevel [1ms]
2023-10-26 12:50:50.283 [info] fatal: not a git repository (or any of the parent directories): .git
2023-10-26 12:50:52.950 [info] > git rev-parse --show-toplevel [1ms]
2023-10-26 12:50:52.950 [info] fatal: not a git repository (or any of the parent directories): .git
2023-10-26 12:51:04.652 [info] > git rev-parse --show-toplevel [0ms]
2023-10-26 12:51:04.652 [info] fatal: not a git repository (or any of the parent directories): .git
2023-10-26 12:52:16.689 [info] > git rev-parse --show-toplevel [2ms]
2023-10-26 12:52:16.689 [info] fatal: not a git repository (or any of the parent directories): .git
2023-10-26 12:52:32.761 [info] > git rev-parse --show-toplevel [1ms]
2023-10-26 12:52:32.761 [info] fatal: not a git repository (or any of the parent directories): .git
2023-10-26 12:53:05.362 [info] > git rev-parse --show-toplevel [1ms]
2023-10-26 12:53:05.362 [info] fatal: not a git repository (or any of the parent directories): .git
2023-10-26 12:54:14.261 [info] > git rev-parse --show-toplevel [1ms]
2023-10-26 12:54:14.261 [info] fatal: not a git repository (or any of the parent directories): .git
2023-10-26 12:54:14.807 [info] > git rev-parse --show-toplevel [2ms]
2023-10-26 12:54:14.807 [info] fatal: not a git repository (or any of the parent directories): .git
2023-10-26 12:56:58.965 [info] > git rev-parse --show-toplevel [1ms]
2023-10-26 12:56:58.965 [info] fatal: not a git repository (or any of the parent directories): .git
2023-10-26 12:57:15.579 [info] > git rev-parse --show-toplevel [1ms]
2023-10-26 12:57:15.579 [info] fatal: not a git repository (or any of the parent directories): .git
2023-10-26 12:58:15.508 [info] > git rev-parse --show-toplevel [1ms]
2023-10-26 12:58:15.508 [info] fatal: not a git repository (or any of the parent directories): .git
2023-10-26 12:59:40.110 [info] > git rev-parse --show-toplevel [1ms]
2023-10-26 12:59:40.110 [info] fatal: not a git repository (or any of the parent directories): .git
2023-10-26 13:00:47.109 [info] > git rev-parse --show-toplevel [4ms]
2023-10-26 13:00:47.109 [info] fatal: not a git repository (or any of the parent directories): .git
2023-10-26 13:01:42.520 [info] > git rev-parse --show-toplevel [1ms]
2023-10-26 13:01:42.520 [info] fatal: not a git repository (or any of the parent directories): .git
2023-10-26 13:03:50.333 [info] > git rev-parse --show-toplevel [7ms]
2023-10-26 13:03:50.333 [info] fatal: not a git repository (or any of the parent directories): .git
2023-10-26 13:03:57.750 [info] > git rev-parse --show-toplevel [2ms]
2023-10-26 13:03:57.750 [info] fatal: not a git repository (or any of the parent directories): .git
2023-10-26 13:04:02.080 [info] > git rev-parse --show-toplevel [1ms]
2023-10-26 13:04:02.080 [info] fatal: not a git repository (or any of the parent directories): .git
2023-10-26 13:04:06.103 [info] > git rev-parse --show-toplevel [1ms]
2023-10-26 13:04:06.103 [info] fatal: not a git repository (or any of the parent directories): .git
2023-10-26 13:04:17.041 [info] > git rev-parse --show-toplevel [3ms]
2023-10-26 13:04:17.041 [info] fatal: not a git repository (or any of the parent directories): .git
2023-10-26 13:04:20.986 [info] > git rev-parse --show-toplevel [1ms]
2023-10-26 13:04:20.986 [info] fatal: not a git repository (or any of the parent directories): .git
