2023-10-26 13:11:18.181 [info] Experiment 'pythonPromptNewFormatterExt' is active
2023-10-26 13:11:18.181 [info] Experiment 'pythonPromptNewToolsExt' is active
2023-10-26 13:11:18.181 [info] Experiment 'pythonSurveyNotification' is active
2023-10-26 13:11:18.181 [info] Experiment 'pythonTerminalEnvVarActivationcf' is active
2023-10-26 13:11:18.181 [info] Experiment 'pythonTestAdapter' is active
2023-10-26 13:11:18.300 [info] Running installed packages checker:  python /home/olivier/.vscode-server/extensions/ms-python.python-2023.18.0/pythonFiles/installed_check.py /home/olivier/test1/flask-star-admin-master/requirements.txt
2023-10-26 13:11:18.306 [error] Error while getting installed packages check result:
 [Error: spawn python ENOENT
	at ChildProcess._handle.onexit (node:internal/child_process:283:19)
	at onErrorNT (node:internal/child_process:476:16)
	at process.processTicksAndRejections (node:internal/process/task_queues:82:21)] {
  errno: -2,
  code: 'ENOENT',
  syscall: 'spawn python',
  path: 'python',
  spawnargs: [
    '/home/olivier/.vscode-server/extensions/ms-python.python-2023.18.0/pythonFiles/installed_check.py',
    '/home/olivier/test1/flask-star-admin-master/requirements.txt'
  ]
}
2023-10-26 13:11:18.309 [info] Test server listening.
2023-10-26 13:11:18.310 [info] Python interpreter path: /bin/python3
2023-10-26 13:11:20.379 [info] Starting Pylance language server.
2023-10-26 14:05:59.853 [info] Discover tests for workspace name: olivier - uri: /home/olivier/test2/flask-adminlte-master/gunicorn-cfg.py
2023-10-26 14:06:33.122 [info] Discover tests for workspace name: olivier - uri: /home/olivier/test2/flask-atlantis-dark-master/gunicorn-cfg.py
2023-10-26 14:06:42.789 [info] Discover tests for workspace name: olivier - uri: /home/olivier/test2/flask-azia-dashboard-master/gunicorn-cfg.py
2023-10-26 14:06:51.746 [info] Discover tests for workspace name: olivier - uri: /home/olivier/test2/flask-datta-able-master/gunicorn-cfg.py
2023-10-26 14:19:51.409 [info] Discover tests for workspace name: olivier - uri: /home/olivier/test2/flask-adminlte-master/gunicorn-cfg.py
2023-10-26 14:19:59.148 [info] Discover tests for workspace name: olivier - uri: /home/olivier/test2/flask-atlantis-dark-master/gunicorn-cfg.py
2023-10-26 14:20:06.025 [info] Discover tests for workspace name: olivier - uri: /home/olivier/test2/flask-azia-dashboard-master/gunicorn-cfg.py
2023-10-26 14:20:12.178 [info] Discover tests for workspace name: olivier - uri: /home/olivier/test2/flask-datta-able-master/gunicorn-cfg.py
2023-10-26 15:22:45.080 [info] Discover tests for workspace name: olivier - uri: /home/olivier/test2/flask-adminlte-master/gunicorn-cfg.py
2023-10-26 15:22:50.838 [info] Discover tests for workspace name: olivier - uri: /home/olivier/test2/flask-atlantis-dark-master/gunicorn-cfg.py
2023-10-26 15:22:58.640 [info] Discover tests for workspace name: olivier - uri: /home/olivier/test2/flask-azia-dashboard-master/gunicorn-cfg.py
2023-10-26 15:23:00.302 [info] Discover tests for workspace name: olivier - uri: /home/olivier/test2/flask-azia-dashboard-master/gunicorn-cfg.py
2023-10-26 15:23:07.520 [info] Discover tests for workspace name: olivier - uri: /home/olivier/test2/flask-datta-able-master/gunicorn-cfg.py
2023-10-26 15:23:13.078 [info] Discover tests for workspace name: olivier - uri: /home/olivier/test2/flask-adminlte-master/gunicorn-cfg.py
2023-10-26 15:23:13.579 [info] Discover tests for workspace name: olivier - uri: /home/olivier/test2/flask-adminlte-master/gunicorn-cfg.py
2023-10-26 15:23:16.433 [info] Discover tests for workspace name: olivier - uri: /home/olivier/test2/flask-adminlte-master/gunicorn-cfg.py
2023-10-26 15:23:18.021 [info] Discover tests for workspace name: olivier - uri: /home/olivier/test2/flask-atlantis-dark-master/gunicorn-cfg.py
2023-10-26 15:23:18.647 [info] Discover tests for workspace name: olivier - uri: /home/olivier/test2/flask-azia-dashboard-master/gunicorn-cfg.py
2023-10-26 15:23:19.178 [info] Discover tests for workspace name: olivier - uri: /home/olivier/test2/flask-datta-able-master/gunicorn-cfg.py
2023-10-26 15:23:30.012 [info] Discover tests for workspace name: olivier - uri: /home/olivier/test2/flask-adminlte-master/gunicorn-cfg.py
