2023-10-26 12:11:31.977 [info] Extension host with pid 1817 started
2023-10-26 12:11:31.981 [error] Error: EEXIST: file already exists, open '/home/olivier/.vscode-server/data/User/workspaceStorage/afd94a91c77bc572768502459ab7d83a/vscode.lock'
2023-10-26 12:11:31.991 [info] Lock '/home/olivier/.vscode-server/data/User/workspaceStorage/afd94a91c77bc572768502459ab7d83a/vscode.lock': Could not acquire lock, checking if the file is stale.
2023-10-26 12:11:32.002 [info] Lock '/home/olivier/.vscode-server/data/User/workspaceStorage/afd94a91c77bc572768502459ab7d83a/vscode.lock': The pid 4697 appears to be gone.
2023-10-26 12:11:32.002 [info] Lock '/home/olivier/.vscode-server/data/User/workspaceStorage/afd94a91c77bc572768502459ab7d83a/vscode.lock': Deleting a stale lock.
2023-10-26 12:11:32.010 [info] ExtensionService#_doActivateExtension vscode.tunnel-forwarding, startup: false, activationEvent: 'onTunnel'
2023-10-26 12:11:32.017 [info] ExtensionService#_doActivateExtension ms-python.python, startup: false, activationEvent: 'onLanguage:python'
2023-10-26 12:11:32.017 [info] ExtensionService#_doActivateExtension vscode.emmet, startup: false, activationEvent: 'onLanguage'
2023-10-26 12:11:32.308 [info] Lock '/home/olivier/.vscode-server/data/User/workspaceStorage/afd94a91c77bc572768502459ab7d83a/vscode.lock': Lock acquired.
2023-10-26 12:11:32.636 [info] ExtensionService#_doActivateExtension ms-python.vscode-pylance, startup: false, activationEvent: 'onLanguage:python'
2023-10-26 12:11:33.017 [info] ExtensionService#_doActivateExtension vscode.git-base, startup: true, activationEvent: '*', root cause: vscode.git
2023-10-26 12:11:33.033 [info] ExtensionService#_doActivateExtension vscode.git, startup: true, activationEvent: '*'
2023-10-26 12:11:33.033 [info] ExtensionService#_doActivateExtension vscode.github, startup: true, activationEvent: '*'
2023-10-26 12:11:33.178 [info] Eager extensions activated
2023-10-26 12:11:33.178 [info] ExtensionService#_doActivateExtension vscode.debug-auto-launch, startup: false, activationEvent: 'onStartupFinished'
2023-10-26 12:11:33.178 [info] ExtensionService#_doActivateExtension vscode.merge-conflict, startup: false, activationEvent: 'onStartupFinished'
2023-10-26 12:14:11.143 [info] ExtensionService#_doActivateExtension ms-azuretools.vscode-docker, startup: false, activationEvent: 'onLanguage:dockercompose'
2023-10-26 12:16:59.561 [info] ExtensionService#_doActivateExtension vscode.extension-editing, startup: false, activationEvent: 'onLanguage:markdown'
2023-10-26 12:16:59.561 [info] ExtensionService#_doActivateExtension vscode.markdown-language-features, startup: false, activationEvent: 'onLanguage:markdown'
2023-10-26 12:16:59.851 [info] ExtensionService#_doActivateExtension vscode.markdown-math, startup: false, activationEvent: 'api', root cause: vscode.markdown-language-features
2023-10-26 12:25:38.445 [info] ExtensionService#_doActivateExtension vscode.npm, startup: false, activationEvent: 'onTerminalQuickFixRequest:ms-vscode.npm-command'
2023-10-26 12:27:34.624 [error] Error: read ECONNRESET
	at TLSWrap.onStreamRead (node:internal/stream_base_commons:217:20)
2023-10-26 12:37:22.794 [info] ExtensionService#_doActivateExtension vscode.typescript-language-features, startup: false, activationEvent: 'onLanguage:javascript'
2023-10-26 12:54:45.580 [error] Error: read ECONNRESET
	at TLSWrap.onStreamRead (node:internal/stream_base_commons:217:20)
