2023-10-25 13:18:37.323 [info] Experiment 'pythonPromptNewFormatterExt' is active
2023-10-25 13:18:37.323 [info] Experiment 'pythonPromptNewToolsExt' is active
2023-10-25 13:18:37.323 [info] Experiment 'pythonSurveyNotification' is active
2023-10-25 13:18:37.323 [info] Experiment 'pythonTerminalEnvVarActivationcf' is active
2023-10-25 13:18:37.323 [info] Experiment 'pythonTestAdapter' is active
2023-10-25 13:18:37.346 [info] Running installed packages checker:  python /home/olivier/.vscode-server/extensions/ms-python.python-2023.18.0/pythonFiles/installed_check.py /home/olivier/test01/ecommerce-flask-stripe-master/requirements.txt
2023-10-25 13:18:37.347 [error] Error while getting installed packages check result:
 [Error: spawn python ENOENT
	at ChildProcess._handle.onexit (node:internal/child_process:283:19)
	at onErrorNT (node:internal/child_process:476:16)
	at process.processTicksAndRejections (node:internal/process/task_queues:82:21)] {
  errno: -2,
  code: 'ENOENT',
  syscall: 'spawn python',
  path: 'python',
  spawnargs: [
    '/home/olivier/.vscode-server/extensions/ms-python.python-2023.18.0/pythonFiles/installed_check.py',
    '/home/olivier/test01/ecommerce-flask-stripe-master/requirements.txt'
  ]
}
2023-10-25 13:18:37.352 [info] Test server listening.
2023-10-25 13:18:37.352 [info] Python interpreter path: /bin/python3
2023-10-25 13:18:38.619 [info] Starting Pylance language server.
2023-10-25 13:31:18.621 [info] Running installed packages checker:  python /home/olivier/.vscode-server/extensions/ms-python.python-2023.18.0/pythonFiles/installed_check.py /home/olivier/test01/flask-soft-ui-dashboard-master/requirements.txt
2023-10-25 13:31:18.623 [error] Error while getting installed packages check result:
 [Error: spawn python ENOENT
	at ChildProcess._handle.onexit (node:internal/child_process:283:19)
	at onErrorNT (node:internal/child_process:476:16)
	at process.processTicksAndRejections (node:internal/process/task_queues:82:21)] {
  errno: -2,
  code: 'ENOENT',
  syscall: 'spawn python',
  path: 'python',
  spawnargs: [
    '/home/olivier/.vscode-server/extensions/ms-python.python-2023.18.0/pythonFiles/installed_check.py',
    '/home/olivier/test01/flask-soft-ui-dashboard-master/requirements.txt'
  ]
}
2023-10-25 13:46:06.240 [info] Discover tests for workspace name: olivier - uri: /home/olivier/test01/ecommerce-flask-stripe-master/gunicorn-cfg.py
2023-10-25 13:48:49.068 [info] Discover tests for workspace name: olivier - uri: /home/olivier/test01/flask-soft-ui-dashboard-master/gunicorn-cfg.py
2023-10-25 13:50:30.072 [info] Running installed packages checker:  python /home/olivier/.vscode-server/extensions/ms-python.python-2023.18.0/pythonFiles/installed_check.py /home/olivier/test01/flask-soft-ui-dashboard-master/requirements.txt
2023-10-25 13:50:30.073 [error] Error while getting installed packages check result:
 [Error: spawn python ENOENT
	at ChildProcess._handle.onexit (node:internal/child_process:283:19)
	at onErrorNT (node:internal/child_process:476:16)
	at process.processTicksAndRejections (node:internal/process/task_queues:82:21)] {
  errno: -2,
  code: 'ENOENT',
  syscall: 'spawn python',
  path: 'python',
  spawnargs: [
    '/home/olivier/.vscode-server/extensions/ms-python.python-2023.18.0/pythonFiles/installed_check.py',
    '/home/olivier/test01/flask-soft-ui-dashboard-master/requirements.txt'
  ]
}
2023-10-25 13:54:43.839 [info] Discover tests for workspace name: olivier - uri: /home/olivier/test01/flask-soft-ui-dashboard-master/gunicorn-cfg.py
2023-10-25 13:55:42.515 [info] Discover tests for workspace name: olivier - uri: /home/olivier/test01/flask-soft-ui-dashboard-master/gunicorn-cfg.py
2023-10-25 13:55:52.468 [info] Discover tests for workspace name: olivier - uri: /home/olivier/test01/flask-soft-ui-dashboard-master/gunicorn-cfg.py
