2023-10-27 07:35:56.472 [info] Extension host with pid 2957 started
2023-10-27 07:35:56.476 [error] Error: EEXIST: file already exists, open '/home/olivier/.vscode-server/data/User/workspaceStorage/afd94a91c77bc572768502459ab7d83a/vscode.lock'
2023-10-27 07:35:56.485 [info] Lock '/home/olivier/.vscode-server/data/User/workspaceStorage/afd94a91c77bc572768502459ab7d83a/vscode.lock': Could not acquire lock, checking if the file is stale.
2023-10-27 07:35:56.499 [info] Lock '/home/olivier/.vscode-server/data/User/workspaceStorage/afd94a91c77bc572768502459ab7d83a/vscode.lock': The pid 2556 appears to be gone.
2023-10-27 07:35:56.499 [info] Lock '/home/olivier/.vscode-server/data/User/workspaceStorage/afd94a91c77bc572768502459ab7d83a/vscode.lock': Deleting a stale lock.
2023-10-27 07:35:56.505 [info] Lock '/home/olivier/.vscode-server/data/User/workspaceStorage/afd94a91c77bc572768502459ab7d83a/vscode.lock': Lock acquired.
2023-10-27 07:35:56.593 [info] ExtensionService#_doActivateExtension vscode.emmet, startup: false, activationEvent: 'onLanguage'
2023-10-27 07:35:56.652 [info] ExtensionService#_doActivateExtension vscode.tunnel-forwarding, startup: false, activationEvent: 'onTunnel'
2023-10-27 07:35:56.676 [info] ExtensionService#_doActivateExtension vscode.git-base, startup: true, activationEvent: '*', root cause: vscode.git
2023-10-27 07:35:56.694 [info] ExtensionService#_doActivateExtension vscode.git, startup: true, activationEvent: '*'
2023-10-27 07:35:56.694 [info] ExtensionService#_doActivateExtension vscode.github, startup: true, activationEvent: '*'
2023-10-27 07:35:56.935 [info] Eager extensions activated
2023-10-27 07:35:56.936 [info] ExtensionService#_doActivateExtension vscode.debug-auto-launch, startup: false, activationEvent: 'onStartupFinished'
2023-10-27 07:35:56.936 [info] ExtensionService#_doActivateExtension vscode.merge-conflict, startup: false, activationEvent: 'onStartupFinished'
2023-10-27 07:45:23.631 [info] ExtensionService#_doActivateExtension vscode.debug-server-ready, startup: false, activationEvent: 'onDebugResolve'
2023-10-27 07:53:53.783 [info] ExtensionService#_doActivateExtension ms-azuretools.vscode-docker, startup: false, activationEvent: 'onLanguage:dockercompose'
2023-10-27 07:58:30.868 [info] ExtensionService#_doActivateExtension ms-python.python, startup: false, activationEvent: 'onLanguage:python'
2023-10-27 07:58:31.075 [info] ExtensionService#_doActivateExtension ms-python.vscode-pylance, startup: false, activationEvent: 'onLanguage:python'
2023-10-27 08:14:38.166 [info] ExtensionService#_doActivateExtension vscode.npm, startup: false, activationEvent: 'onTerminalQuickFixRequest:ms-vscode.npm-command'
2023-10-27 08:33:45.716 [error] Error: read ECONNRESET
	at TLSWrap.onStreamRead (node:internal/stream_base_commons:217:20)
2023-10-27 08:53:47.469 [warning] [Decorations] CAPPING events from decorations provider vscode.git 10000
2023-10-27 08:53:48.104 [warning] [Decorations] CAPPING events from decorations provider vscode.git 10000
