2023-10-26 13:11:17.471 [info] Extension host with pid 2556 started
2023-10-26 13:11:17.473 [error] Error: EEXIST: file already exists, open '/home/olivier/.vscode-server/data/User/workspaceStorage/afd94a91c77bc572768502459ab7d83a/vscode.lock'
2023-10-26 13:11:17.486 [info] Lock '/home/olivier/.vscode-server/data/User/workspaceStorage/afd94a91c77bc572768502459ab7d83a/vscode.lock': Could not acquire lock, checking if the file is stale.
2023-10-26 13:11:17.503 [info] Lock '/home/olivier/.vscode-server/data/User/workspaceStorage/afd94a91c77bc572768502459ab7d83a/vscode.lock': The pid 1817 appears to be gone.
2023-10-26 13:11:17.503 [info] Lock '/home/olivier/.vscode-server/data/User/workspaceStorage/afd94a91c77bc572768502459ab7d83a/vscode.lock': Deleting a stale lock.
2023-10-26 13:11:17.518 [info] ExtensionService#_doActivateExtension ms-python.python, startup: false, activationEvent: 'onLanguage:pip-requirements'
2023-10-26 13:11:17.519 [info] ExtensionService#_doActivateExtension vscode.emmet, startup: false, activationEvent: 'onLanguage'
2023-10-26 13:11:17.909 [info] Lock '/home/olivier/.vscode-server/data/User/workspaceStorage/afd94a91c77bc572768502459ab7d83a/vscode.lock': Lock acquired.
2023-10-26 13:11:18.301 [info] ExtensionService#_doActivateExtension vscode.git-base, startup: true, activationEvent: '*', root cause: vscode.git
2023-10-26 13:11:18.324 [info] ExtensionService#_doActivateExtension vscode.git, startup: true, activationEvent: '*'
2023-10-26 13:11:18.324 [info] ExtensionService#_doActivateExtension vscode.github, startup: true, activationEvent: '*'
2023-10-26 13:11:18.579 [info] ExtensionService#_doActivateExtension vscode.tunnel-forwarding, startup: false, activationEvent: 'onTunnel'
2023-10-26 13:11:18.688 [info] Eager extensions activated
2023-10-26 13:11:18.688 [info] ExtensionService#_doActivateExtension vscode.debug-auto-launch, startup: false, activationEvent: 'onStartupFinished'
2023-10-26 13:11:18.689 [info] ExtensionService#_doActivateExtension vscode.merge-conflict, startup: false, activationEvent: 'onStartupFinished'
2023-10-26 13:11:18.752 [info] ExtensionService#_doActivateExtension ms-python.vscode-pylance, startup: false, activationEvent: 'api', root cause: ms-python.python
2023-10-26 13:12:29.094 [info] ExtensionService#_doActivateExtension vscode.npm, startup: false, activationEvent: 'onTerminalQuickFixRequest:ms-vscode.npm-command'
2023-10-26 14:03:07.839 [info] ExtensionService#_doActivateExtension ms-azuretools.vscode-docker, startup: false, activationEvent: 'onLanguage:dockercompose'
2023-10-26 15:16:58.454 [info] ExtensionService#_doActivateExtension vscode.extension-editing, startup: false, activationEvent: 'onLanguage:markdown'
2023-10-26 15:16:58.455 [info] ExtensionService#_doActivateExtension vscode.markdown-language-features, startup: false, activationEvent: 'onLanguage:markdown'
2023-10-26 15:16:58.756 [info] ExtensionService#_doActivateExtension vscode.markdown-math, startup: false, activationEvent: 'api', root cause: vscode.markdown-language-features
