2023-10-25 12:36:57.130 [info] Experiment 'pythonPromptNewFormatterExt' is active
2023-10-25 12:36:57.130 [info] Experiment 'pythonPromptNewToolsExt' is active
2023-10-25 12:36:57.130 [info] Experiment 'pythonSurveyNotification' is active
2023-10-25 12:36:57.130 [info] Experiment 'pythonTerminalEnvVarActivationcf' is active
2023-10-25 12:36:57.130 [info] Experiment 'pythonTestAdapter' is active
2023-10-25 12:36:57.324 [info] Test server listening.
2023-10-25 12:36:57.357 [info] > /bin/python3 -I ./.vscode-server/extensions/ms-python.python-2023.18.0/pythonFiles/get_output_via_markers.py ./.vscode-server/extensions/ms-python.python-2023.18.0/pythonFiles/interpreterInfo.py
2023-10-25 12:36:57.628 [info] Python interpreter path: /bin/python3
2023-10-25 12:36:58.408 [info] Starting Pylance language server.
2023-10-25 12:46:11.933 [info] Running installed packages checker:  python /home/olivier/.vscode-server/extensions/ms-python.python-2023.18.0/pythonFiles/installed_check.py /home/olivier/test01/ecommerce-flask-stripe-master/requirements.txt
2023-10-25 12:46:11.937 [error] Error while getting installed packages check result:
 [Error: spawn python ENOENT
	at ChildProcess._handle.onexit (node:internal/child_process:283:19)
	at onErrorNT (node:internal/child_process:476:16)
	at process.processTicksAndRejections (node:internal/process/task_queues:82:21)] {
  errno: -2,
  code: 'ENOENT',
  syscall: 'spawn python',
  path: 'python',
  spawnargs: [
    '/home/olivier/.vscode-server/extensions/ms-python.python-2023.18.0/pythonFiles/installed_check.py',
    '/home/olivier/test01/ecommerce-flask-stripe-master/requirements.txt'
  ]
}
